[2016.03.27-01.36.13:373][  0]Log file open, 03/27/16 02:36:13
[2016.03.27-01.36.13:373][  0]LogInit:Display: Running engine for game: Planet_Nova
[2016.03.27-01.36.13:373][  0]LogInit:Display: RandInit(-769285353) SRandInit(-769285353).
[2016.03.27-01.36.13:373][  0]LogTaskGraph: Started task graph with 4 named threads and 5 total threads.
[2016.03.27-01.36.13:373][  0]LogStats: Stats thread started at 0.075014
[2016.03.27-01.36.13:373][  0]LogInit: Version: 4.9.2-2707645+++depot+UE4-Releases+4.9
[2016.03.27-01.36.13:373][  0]LogInit: API Version: 2672455
[2016.03.27-01.36.13:373][  0]LogInit: Compiled (64-bit): Sep 28 2015 10:25:44
[2016.03.27-01.36.13:373][  0]LogInit: Compiled with Visual C++: 18.00.21005.01
[2016.03.27-01.36.13:373][  0]LogInit: Build Configuration: Development
[2016.03.27-01.36.13:373][  0]LogInit: Branch Name: ++depot+UE4-Releases+4.9
[2016.03.27-01.36.13:373][  0]LogInit: Command line:  
[2016.03.27-01.36.13:373][  0]LogInit: Base directory: C:/Program Files (x86)/Epic Games/4.9/Engine/Binaries/Win64/
[2016.03.27-01.36.13:373][  0]LogInit: Rocket: 1
[2016.03.27-01.36.13:387][  0]LogInit: Using libcurl 7.41.0
[2016.03.27-01.36.13:387][  0]LogInit:  - built for x86_64-pc-win32
[2016.03.27-01.36.13:387][  0]LogInit:  - supports SSL with WinSSL
[2016.03.27-01.36.13:387][  0]LogInit:  - other features:
[2016.03.27-01.36.13:387][  0]LogInit:      CURL_VERSION_SSL
[2016.03.27-01.36.13:387][  0]LogInit:      CURL_VERSION_IPV6
[2016.03.27-01.36.13:387][  0]LogInit:      CURL_VERSION_ASYNCHDNS
[2016.03.27-01.36.13:387][  0]LogInit:      CURL_VERSION_LARGEFILE
[2016.03.27-01.36.13:387][  0]LogInit:      CURL_VERSION_IDN
[2016.03.27-01.36.13:387][  0]LogInit:  CurlRequestOptions (configurable via config and command line):
[2016.03.27-01.36.13:387][  0]LogInit:  - bVerifyPeer = true  - Libcurl will verify peer certificate
[2016.03.27-01.36.13:387][  0]LogInit:  - bUseHttpProxy = false  - Libcurl will NOT use HTTP proxy
[2016.03.27-01.36.13:387][  0]LogInit:  - bDontReuseConnections = false  - Libcurl will reuse connections
[2016.03.27-01.36.13:387][  0]LogInit:  - CertBundlePath = nullptr  - Libcurl will use whatever was configured at build time.
[2016.03.27-01.36.13:398][  0]LogInit: Presizing for 0 objects not considered by GC, pre-allocating 0 bytes.
[2016.03.27-01.36.13:407][  0]LogInit: Object subsystem initialized
[2016.03.27-01.36.13:409][  0]LogInit: Selected Device Profile: [Windows]
[2016.03.27-01.36.13:409][  0]LogInit: Applying CVar settings loaded from the selected device profile: [Windows]
[2016.03.27-01.36.13:420][  0]LogInit: Computer: DESKTOP-V8L8U99
[2016.03.27-01.36.13:420][  0]LogInit: User: User
[2016.03.27-01.36.13:420][  0]LogInit: CPU Page size=4096, Cores=2
[2016.03.27-01.36.13:420][  0]LogInit: High frequency timer resolution =2.341716 MHz
[2016.03.27-01.36.13:420][  0]LogMemory: Memory total: Physical=7.9GB (8GB approx)
[2016.03.27-01.36.13:420][  0]LogMemory: Platform Memory Stats for Windows
[2016.03.27-01.36.13:420][  0]LogMemory: Process Physical Memory: 53.24 MB used, 53.24 MB peak
[2016.03.27-01.36.13:420][  0]LogMemory: Process Virtual Memory: 55.05 MB used, 55.05 MB peak
[2016.03.27-01.36.13:420][  0]LogMemory: Physical Memory: 4173.46 MB used, 8109.70 MB total
[2016.03.27-01.36.13:420][  0]LogMemory: Virtual Memory: 352.95 MB used, 134217728.00 MB total
[2016.03.27-01.36.13:467][  0]LogTextLocalizationManager: No specific translations for ('en-GB') exist, so ('en') translations will be used.
[2016.03.27-01.36.14:465][  0]LogD3D11RHI: Found D3D11 adapter 0: NVIDIA GeForce GTX 860M     (Feature Level 11_0)
[2016.03.27-01.36.14:465][  0]LogD3D11RHI: Adapter has 1995MB of dedicated video memory, 0MB of dedicated system memory, and 4054MB of shared system memory, 1 output[s]
[2016.03.27-01.36.14:472][  0]LogD3D11RHI: Found D3D11 adapter 1: Intel(R) HD Graphics Family (Feature Level 11_0)
[2016.03.27-01.36.14:472][  0]LogD3D11RHI: Adapter has 112MB of dedicated video memory, 0MB of dedicated system memory, and 4054MB of shared system memory, 0 output[s]
[2016.03.27-01.36.14:474][  0]LogD3D11RHI: Found D3D11 adapter 2: Microsoft Basic Render Driver (Feature Level 11_0)
[2016.03.27-01.36.14:474][  0]LogD3D11RHI: Adapter has 0MB of dedicated video memory, 0MB of dedicated system memory, and 4054MB of shared system memory, 0 output[s]
[2016.03.27-01.36.14:474][  0]LogD3D11RHI: Chosen D3D11 Adapter Id = 0
[2016.03.27-01.36.14:479][  0]LogD3D11RHI: !Direct3DDevice
[2016.03.27-01.36.14:479][  0]LogRHI: Texture pool is 1361 MB (70% of 1945 MB)
[2016.03.27-01.36.14:499][  0]LogD3D11RHI: Async texture creation enabled
[2016.03.27-01.36.14:512][  0]LogShaderCompilers: Guid format shader working directory is 14 characters bigger than the processId version (../../../../../../Users/User/Documents/Unreal Projects/PlanetNova/Planet_Nova/Intermediate/Shaders/WorkingDirectory/11988/).
[2016.03.27-01.36.14:512][  0]LogShaderCompilers: Cleaned the shader compiler working directory '../../../../../../Users/User/Documents/Unreal Projects/PlanetNova/Planet_Nova/Intermediate/Shaders/tmp/5C4F67184BDDE05B3BA9FBB8561FF290/'.
[2016.03.27-01.36.14:512][  0]LogShaderCompilers:Display: Using Local Shader Compiler.
[2016.03.27-01.36.16:138][  0]LogTemp:Display: Loaded TP AllDesktopTargetPlatform
[2016.03.27-01.36.16:148][  0]LogTemp:Display: Loaded TP WindowsClientTargetPlatform
[2016.03.27-01.36.16:158][  0]LogTemp:Display: Loaded TP WindowsNoEditorTargetPlatform
[2016.03.27-01.36.16:167][  0]LogTemp:Display: Loaded TP WindowsServerTargetPlatform
[2016.03.27-01.36.16:175][  0]LogTemp:Display: Loaded TP WindowsTargetPlatform
[2016.03.27-01.36.16:180][  0]LogTemp:Display: Loaded TP AndroidTargetPlatform
[2016.03.27-01.36.16:185][  0]LogTemp:Display: Loaded TP Android_ASTCTargetPlatform
[2016.03.27-01.36.16:190][  0]LogTemp:Display: Loaded TP Android_ATCTargetPlatform
[2016.03.27-01.36.16:195][  0]LogTemp:Display: Loaded TP Android_DXTTargetPlatform
[2016.03.27-01.36.16:200][  0]LogTemp:Display: Loaded TP Android_ETC1TargetPlatform
[2016.03.27-01.36.16:206][  0]LogTemp:Display: Loaded TP Android_ETC2TargetPlatform
[2016.03.27-01.36.16:211][  0]LogTemp:Display: Loaded TP Android_PVRTCTargetPlatform
[2016.03.27-01.36.16:213][  0]LogTemp:Display: Loaded TP HTML5TargetPlatform
[2016.03.27-01.36.16:234][  0]LogTemp:Display: Loaded TP IOSTargetPlatform
[2016.03.27-01.36.16:239][  0]LogTemp:Display: Loaded TP LinuxNoEditorTargetPlatform
[2016.03.27-01.36.16:244][  0]LogTemp:Display: Loaded TP LinuxServerTargetPlatform
[2016.03.27-01.36.16:250][  0]LogTemp:Display: Loaded TP LinuxTargetPlatform
[2016.03.27-01.36.16:250][  0]LogTargetPlatformManager:Display: Building Assets For Windows
[2016.03.27-01.36.16:387][  0]LogDerivedDataCache:Display: Max Cache Size: 512 MB
[2016.03.27-01.36.16:444][  0]LogDerivedDataCache: Loaded boot cache 0.06s 41MB C:/Users/User/AppData/Local/UnrealEngine/4.9/DerivedDataCache/Boot.ddc.
[2016.03.27-01.36.16:444][  0]LogDerivedDataCache:Display: Loaded Boot cache: C:/Users/User/AppData/Local/UnrealEngine/4.9/DerivedDataCache/Boot.ddc
[2016.03.27-01.36.16:444][  0]LogDerivedDataCache: FDerivedDataBackendGraph:  Pak pak cache file ../../../../../../Users/User/Documents/Unreal Projects/PlanetNova/Planet_Nova/DerivedDataCache/DDC.ddp not found, will not use a pak cache.
[2016.03.27-01.36.16:444][  0]LogDerivedDataCache: Unable to find inner node Pak for hierarchical cache Hierarchy.
[2016.03.27-01.36.16:444][  0]LogDerivedDataCache: FDerivedDataBackendGraph:  CompressedPak pak cache file ../../../../../../Users/User/Documents/Unreal Projects/PlanetNova/Planet_Nova/DerivedDataCache/Compressed.ddp not found, will not use a pak cache.
[2016.03.27-01.36.16:444][  0]LogDerivedDataCache: Unable to find inner node CompressedPak for hierarchical cache Hierarchy.
[2016.03.27-01.36.16:611][  0]LogDerivedDataCache:Display: Pak cache opened for reading ../../../Engine/DerivedDataCache/Compressed.ddp.
[2016.03.27-01.36.16:623][  0]LogDerivedDataCache: Using Local data cache path C:/Users/User/AppData/Local/UnrealEngine/Common/DerivedDataCache: Writable
[2016.03.27-01.36.16:874][  0]LogInit: Selected Device Profile: [Windows]
[2016.03.27-01.36.16:877][  0]LogContentStreaming: Texture pool size is 0.000000MB
[2016.03.27-01.36.17:084][  0]LogMeshUtilities: No automatic mesh reduction module available
[2016.03.27-01.36.17:084][  0]LogMeshUtilities: No automatic mesh merging module available
[2016.03.27-01.36.17:421][  0]LogInit: WinSock: version 1.1 (2.2), MaxSocks=32767, MaxUdp=65467
[2016.03.27-01.36.18:595][  0]LogAssetRegistry: FAssetRegistry took 0.0105 seconds to start up
[2016.03.27-01.36.18:629][  0]UdpMessaging: Initializing bridge on interface 0.0.0.0:0 to multicast group 230.0.0.1:6666.
[2016.03.27-01.36.19:102][  0]SourceControl: Info Source control is disabled
[2016.03.27-01.36.20:962][  0]LogLinker:Warning: Asset '../../../Engine/Plugins/Runtime/LeapMotionController/Content/LM_PassthroughMaterial.uasset' has been saved with empty engine version. The asset will be loaded but may be incompatible.
[2016.03.27-01.36.21:149][  0]LogObj: 28528 objects as part of root set at end of initial load.
[2016.03.27-01.36.21:149][  0]LogUObjectAllocator: 6068464 out of 0 bytes used by permanent object pool.
[2016.03.27-01.36.21:252][  0]LogEngine: Initializing Engine...
[2016.03.27-01.36.21:258][  0]LogHMD: Can't find Oculus library dev build: is proper Runtime installed? Version: 0.7.0.0
[2016.03.27-01.36.21:259][  0]LogHMD: SteamVR failed to initialize.  Err: 110
[2016.03.27-01.36.21:439][  0]LogAIModule: Creating AISystem for world NewWorld
[2016.03.27-01.36.21:445][  0]LogInit: XAudio2 using 'Speakers / Headphones (Realtek High Definition Audio)' : 2 channels at 48 kHz using 32 bits per sample (channel mask 0x3)
[2016.03.27-01.36.21:464][  0]LogInit: FAudioDevice initialized.
[2016.03.27-01.36.21:489][  0]LogDerivedDataCache: Saved boot cache 0.03s 41MB C:/Users/User/AppData/Local/UnrealEngine/4.9/DerivedDataCache/Boot.ddc.
[2016.03.27-01.36.21:492][  0]LogInit: Texture streaming: Enabled
[2016.03.27-01.36.21:502][  0]LogAnalytics: Creating configured Analytics provider AnalyticsET
[2016.03.27-01.36.21:502][  0]LogAnalytics: [UEEditor.Rocket.Release] APIServer = http://et2.epicgames.com/ET2/. AppVersion = 4.9.2-2707645+++depot+UE4-Releases+4.9
[2016.03.27-01.36.21:502][  0]LogAnalytics: [UEEditor.Rocket.Release] SetUserId cee753644958793a8762c3bd23da0fbc|3112bf4650fd4fb8a752867fe0f94e33|713492ef-e194-4017-941b-c3bc37bd1a47
[2016.03.27-01.36.21:502][  0]LogAnalytics: [UEEditor.Rocket.Release] AnalyticsET::StartSession
[2016.03.27-01.36.21:601][  0]LogInit: Transaction tracking system initialized
[2016.03.27-01.36.21:664][  0]BlueprintLog: New page: Editor Load
[2016.03.27-01.36.21:812][  0]LocalizationService: Info Localization service is disabled
[2016.03.27-01.36.21:954][  0]LogConsoleResponse:Display: 
[2016.03.27-01.36.22:153][  0]LogCook:Display: Done creating registry. It took  0.00s.
[2016.03.27-01.36.22:814][  0]LogFileCache: Scanning file cache for directory 'C:/Users/User/Documents/Unreal Projects/PlanetNova/Planet_Nova/Content/' took 0.02s
[2016.03.27-01.36.22:814][  0]Cmd: MAP LOAD FILE="../../../../../../Users/User/Documents/Unreal Projects/PlanetNova/Planet_Nova/Content/ThirdPersonBP/Maps/ThirdPersonExampleMap.umap" TEMPLATE=0 SHOWPROGRESS=1 FEATURELEVEL=3
[2016.03.27-01.36.22:815][  0]LightingResults: New page: Lighting Build
[2016.03.27-01.36.22:820][  0]MapCheck: New page: Map Check
[2016.03.27-01.36.22:820][  0]LightingResults: New page: Lighting Build
[2016.03.27-01.36.22:841][  0]LogParticles: Destroying 0 GPU particle simulations for FXSystem 0x0000028C47155260
[2016.03.27-01.36.22:845][  0]LogLinker:Warning: Asset '../../../../../../Users/User/Documents/Unreal Projects/PlanetNova/Planet_Nova/Content/ThirdPersonBP/Blueprints/ThirdPersonCharacter.uasset' has been saved with empty engine version. The asset will be loaded but may be incompatible.
[2016.03.27-01.36.22:847][  0]LogLinker:Warning: Asset '../../../../../../Users/User/Documents/Unreal Projects/PlanetNova/Planet_Nova/Content/Mannequin/Animations/ThirdPerson_AnimBP.uasset' has been saved with empty engine version. The asset will be loaded but may be incompatible.
[2016.03.27-01.36.22:850][  0]LogLinker:Warning: Asset '../../../../../../Users/User/Documents/Unreal Projects/PlanetNova/Planet_Nova/Content/Mannequin/Animations/ThirdPerson_Jump.uasset' has been saved with empty engine version. The asset will be loaded but may be incompatible.
[2016.03.27-01.36.22:852][  0]LogLinker:Warning: Asset '../../../../../../Users/User/Documents/Unreal Projects/PlanetNova/Planet_Nova/Content/Mannequin/Animations/ThirdPersonJump_Loop.uasset' has been saved with empty engine version. The asset will be loaded but may be incompatible.
[2016.03.27-01.36.22:855][  0]LogLinker:Warning: Asset '../../../../../../Users/User/Documents/Unreal Projects/PlanetNova/Planet_Nova/Content/Mannequin/Animations/ThirdPersonJump_Start.uasset' has been saved with empty engine version. The asset will be loaded but may be incompatible.
[2016.03.27-01.36.22:858][  0]LogLinker:Warning: Asset '../../../../../../Users/User/Documents/Unreal Projects/PlanetNova/Planet_Nova/Content/Mannequin/Animations/ThirdPerson_IdleRun_2D.uasset' has been saved with empty engine version. The asset will be loaded but may be incompatible.
[2016.03.27-01.36.22:859][  0]LogLinker:Warning: Asset '../../../../../../Users/User/Documents/Unreal Projects/PlanetNova/Planet_Nova/Content/Mannequin/Animations/ThirdPersonIdle.uasset' has been saved with empty engine version. The asset will be loaded but may be incompatible.
[2016.03.27-01.36.22:864][  0]LogLinker:Warning: Asset '../../../../../../Users/User/Documents/Unreal Projects/PlanetNova/Planet_Nova/Content/Mannequin/Animations/ThirdPersonRun.uasset' has been saved with empty engine version. The asset will be loaded but may be incompatible.
[2016.03.27-01.36.22:866][  0]LogLinker:Warning: Asset '../../../../../../Users/User/Documents/Unreal Projects/PlanetNova/Planet_Nova/Content/Mannequin/Animations/ThirdPersonWalk.uasset' has been saved with empty engine version. The asset will be loaded but may be incompatible.
[2016.03.27-01.36.24:295][  0]LogAIModule: Creating AISystem for world ThirdPersonExampleMap
[2016.03.27-01.36.24:310][  0]LogEditorServer: Finished looking for orphan Actors (0.000 secs)
[2016.03.27-01.36.24:311][  0]Cmd: MAP CHECKDEP NOCLEARLOG
[2016.03.27-01.36.24:507][  0]MapCheck: Info Map check complete: 0 Error(s), 0 Warning(s), took 195.349ms to complete.
[2016.03.27-01.36.24:507][  0]LogFileHelpers: Loading map 'ThirdPersonExampleMap' took 1.694
[2016.03.27-01.36.24:664][  0]LogCollectionManager: Loaded 0 collections in 0.007829 seconds
[2016.03.27-01.36.24:717][  0]LogFileCache: Scanning file cache for directory 'C:/Users/User/Documents/Unreal Projects/PlanetNova/Planet_Nova/Saved/Collections/' took 0.01s
[2016.03.27-01.36.24:717][  0]LogFileCache: Scanning file cache for directory 'C:/Users/User/Documents/Unreal Projects/PlanetNova/Planet_Nova/Content/Developers/User/Collections/' took 0.01s
[2016.03.27-01.36.24:717][  0]LogFileCache: Scanning file cache for directory 'C:/Users/User/Documents/Unreal Projects/PlanetNova/Planet_Nova/Content/Collections/' took 0.01s
[2016.03.27-01.36.24:717][  0]LogContentBrowser: Native class hierarchy populated in 0.0164 seconds. Added 1882 classes and 339 folders.
[2016.03.27-01.36.24:730][  0]LogCollectionManager: Rebuilt the GUID cache for 0 collections in 0.000004 seconds
[2016.03.27-01.36.24:750][  0]LogContentBrowser: Native class hierarchy updated for 'WidgetCarousel' in 0.0007 seconds. Added 0 classes and 0 folders.
[2016.03.27-01.36.24:960][  0]LogContentBrowser: Native class hierarchy updated for 'AddContentDialog' in 0.0008 seconds. Added 0 classes and 0 folders.
[2016.03.27-01.36.24:995][  0]LogContentBrowser: Native class hierarchy updated for 'SceneOutliner' in 0.0007 seconds. Added 1 classes and 2 folders.
[2016.03.27-01.36.25:068][  0]LogCrashTracker: Crashtracker disabled due to settings.
[2016.03.27-01.36.25:076][  0]LogUObjectGlobals:Warning: Failed to find object 'Class None.'
[2016.03.2