[2016.03.27-01.54.45:806][  0]Log file open, 03/27/16 02:54:45
[2016.03.27-01.54.45:806][  0]LogInit:Display: Running engine for game: Planet_Nova
[2016.03.27-01.54.45:806][  0]LogInit:Display: RandInit(-2090701511) SRandInit(-2090701510).
[2016.03.27-01.54.45:806][  0]LogTaskGraph: Started task graph with 4 named threads and 7 total threads.
[2016.03.27-01.54.45:806][  0]LogStats: Stats thread started at 0.112974
[2016.03.27-01.54.45:806][  0]LogInit: Version: 4.9.2-2707645+++depot+UE4-Releases+4.9
[2016.03.27-01.54.45:806][  0]LogInit: API Version: 2672455
[2016.03.27-01.54.45:806][  0]LogInit: Compiled (64-bit): Sep 28 2015 10:25:44
[2016.03.27-01.54.45:806][  0]LogInit: Compiled with Visual C++: 18.00.21005.01
[2016.03.27-01.54.45:806][  0]LogInit: Build Configuration: Development
[2016.03.27-01.54.45:806][  0]LogInit: Branch Name: ++depot+UE4-Releases+4.9
[2016.03.27-01.54.45:806][  0]LogInit: Command line:  
[2016.03.27-01.54.45:806][  0]LogInit: Base directory: D:/program files/Unreal/Epic Games/4.9/Engine/Binaries/Win64/
[2016.03.27-01.54.45:806][  0]LogInit: Rocket: 1
[2016.03.27-01.54.45:827][  0]LogInit: Using libcurl 7.41.0
[2016.03.27-01.54.45:827][  0]LogInit:  - built for x86_64-pc-win32
[2016.03.27-01.54.45:827][  0]LogInit:  - supports SSL with WinSSL
[2016.03.27-01.54.45:827][  0]LogInit:  - other features:
[2016.03.27-01.54.45:827][  0]LogInit:      CURL_VERSION_SSL
[2016.03.27-01.54.45:827][  0]LogInit:      CURL_VERSION_IPV6
[2016.03.27-01.54.45:827][  0]LogInit:      CURL_VERSION_ASYNCHDNS
[2016.03.27-01.54.45:827][  0]LogInit:      CURL_VERSION_LARGEFILE
[2016.03.27-01.54.45:827][  0]LogInit:      CURL_VERSION_IDN
[2016.03.27-01.54.45:827][  0]LogInit:  CurlRequestOptions (configurable via config and command line):
[2016.03.27-01.54.45:827][  0]LogInit:  - bVerifyPeer = true  - Libcurl will verify peer certificate
[2016.03.27-01.54.45:827][  0]LogInit:  - bUseHttpProxy = false  - Libcurl will NOT use HTTP proxy
[2016.03.27-01.54.45:827][  0]LogInit:  - bDontReuseConnections = false  - Libcurl will reuse connections
[2016.03.27-01.54.45:827][  0]LogInit:  - CertBundlePath = nullptr  - Libcurl will use whatever was configured at build time.
[2016.03.27-01.54.45:844][  0]LogInit: Presizing for 0 objects not considered by GC, pre-allocating 0 bytes.
[2016.03.27-01.54.45:860][  0]LogInit: Object subsystem initialized
[2016.03.27-01.54.45:862][  0]LogInit: Selected Device Profile: [Windows]
[2016.03.27-01.54.45:862][  0]LogInit: Applying CVar settings loaded from the selected device profile: [Windows]
[2016.03.27-01.54.45:878][  0]LogInit: Computer: MAC-KOMPUTER
[2016.03.27-01.54.45:878][  0]LogInit: User: Mac
[2016.03.27-01.54.45:878][  0]LogInit: CPU Page size=4096, Cores=4
[2016.03.27-01.54.45:878][  0]LogInit: High frequency timer resolution =2.278632 MHz
[2016.03.27-01.54.45:878][  0]LogMemory: Memory total: Physical=4.0GB (4GB approx)
[2016.03.27-01.54.45:878][  0]LogMemory: Platform Memory Stats for Windows
[2016.03.27-01.54.45:879][  0]LogMemory: Process Physical Memory: 55.40 MB used, 55.40 MB peak
[2016.03.27-01.54.45:879][  0]LogMemory: Process Virtual Memory: 56.55 MB used, 56.55 MB peak
[2016.03.27-01.54.45:879][  0]LogMemory: Physical Memory: 2726.46 MB used, 4094.49 MB total
[2016.03.27-01.54.45:879][  0]LogMemory: Virtual Memory: 354.02 MB used, 8388608.00 MB total
[2016.03.27-01.54.45:947][  0]LogTextLocalizationManager: No specific translations for ('en-GB') exist, so ('en') translations will be used.
[2016.03.27-01.54.47:132][  0]LogD3D11RHI: Found D3D11 adapter 0: NVIDIA GeForce 9600 GT (Feature Level 10_0)
[2016.03.27-01.54.47:132][  0]LogD3D11RHI: Adapter has 1005MB of dedicated video memory, 0MB of dedicated system memory, and 1791MB of shared system memory, 1 output[s]
[2016.03.27-01.54.47:132][  0]LogD3D11RHI: Chosen D3D11 Adapter Id = 0
[2016.03.27-01.54.47:160][  0]LogD3D11RHI: !Direct3DDevice
[2016.03.27-01.54.47:160][  0]LogRHI: Texture pool is 703 MB (70% of 1005 MB)
[2016.03.27-01.54.47:183][  0]LogD3D11RHI: Async texture creation enabled
[2016.03.27-01.54.47:202][  0]LogShaderCompilers: Guid format shader working directory is 15 characters bigger than the processId version (../../../../../../GitKrakenDir/PLANET_NOVA/Intermediate/Shaders/WorkingDirectory/1104/).
[2016.03.27-01.54.47:203][  0]LogShaderCompilers: Cleaned the shader compiler working directory '../../../../../../GitKrakenDir/PLANET_NOVA/Intermediate/Shaders/tmp/86B322864EEAFE2B6690FBBBE410C40C/'.
[2016.03.27-01.54.47:203][  0]LogShaderCompilers:Display: Using Local Shader Compiler.
[2016.03.27-01.54.50:502][  0]LogTemp:Display: Loaded TP AllDesktopTargetPlatform
[2016.03.27-01.54.50:514][  0]LogTemp:Display: Loaded TP WindowsClientTargetPlatform
[2016.03.27-01.54.50:525][  0]LogTemp:Display: Loaded TP WindowsNoEditorTargetPlatform
[2016.03.27-01.54.50:537][  0]LogTemp:Display: Loaded TP WindowsServerTargetPlatform
[2016.03.27-01.54.50:548][  0]LogTemp:Display: Loaded TP WindowsTargetPlatform
[2016.03.27-01.54.50:556][  0]LogTemp:Display: Loaded TP AndroidTargetPlatform
[2016.03.27-01.54.50:563][  0]LogTemp:Display: Loaded TP Android_ASTCTargetPlatform
[2016.03.27-01.54.50:570][  0]LogTemp:Display: Loaded TP Android_ATCTargetPlatform
[2016.03.27-01.54.50:577][  0]LogTemp:Display: Loaded TP Android_DXTTargetPlatform
[2016.03.27-01.54.50:585][  0]LogTemp:Display: Loaded TP Android_ETC1TargetPlatform
[2016.03.27-01.54.50:593][  0]LogTemp:Display: Loaded TP Android_ETC2TargetPlatform
[2016.03.27-01.54.50:601][  0]LogTemp:Display: Loaded TP Android_PVRTCTargetPlatform
[2016.03.27-01.54.50:602][  0]LogTemp:Display: Loaded TP HTML5TargetPlatform
[2016.03.27-01.54.50:626][  0]LogTemp:Display: Loaded TP IOSTargetPlatform
[2016.03.27-01.54.50:632][  0]LogTemp:Display: Loaded TP LinuxNoEditorTargetPlatform
[2016.03.27-01.54.50:640][  0]LogTemp:Display: Loaded TP LinuxServerTargetPlatform
[2016.03.27-01.54.50:648][  0]LogTemp:Display: Loaded TP LinuxTargetPlatform
[2016.03.27-01.54.50:648][  0]LogTargetPlatformManager:Display: Building Assets For Windows
[2016.03.27-01.54.50:833][  0]LogDerivedDataCache:Display: Max Cache Size: 512 MB
[2016.03.27-01.54.50:970][  0]LogDerivedDataCache: Loaded boot cache 0.14s 36MB C:/Users/Mac/AppData/Local/UnrealEngine/4.9/DerivedDataCache/Boot.ddc.
[2016.03.27-01.54.50:970][  0]LogDerivedDataCache:Display: Loaded Boot cache: C:/Users/Mac/AppData/Local/UnrealEngine/4.9/DerivedDataCache/Boot.ddc
[2016.03.27-01.54.50:970][  0]LogDerivedDataCache: FDerivedDataBackendGraph:  Pak pak cache file ../../../../../../GitKrakenDir/PLANET_NOVA/DerivedDataCache/DDC.ddp not found, will not use a pak cache.
[2016.03.27-01.54.50:970][  0]LogDerivedDataCache: Unable to find inner node Pak for hierarchical cache Hierarchy.
[2016.03.27-01.54.50:970][  0]LogDerivedDataCache: FDerivedDataBackendGraph:  CompressedPak pak cache file ../../../../../../GitKrakenDir/PLANET_NOVA/DerivedDataCache/Compressed.ddp not found, will not use a pak cache.
[2016.03.27-01.54.50:970][  0]LogDerivedDataCache: Unable to find inner node CompressedPak for hierarchical cache Hierarchy.
[2016.03.27-01.54.51:222][  0]LogDerivedDataCache:Display: Pak cache opened for reading ../../../Engine/DerivedDataCache/Compressed.ddp.
[2016.03.27-01.54.51:235][  0]LogDerivedDataCache: Using Local data cache path C:/Users/Mac/AppData/Local/UnrealEngine/Common/DerivedDataCache: Writable
[2016.03.27-01.54.51:593][  0]LogInit: Selected Device Profile: [Windows]
[2016.03.27-01.54.51:594][  0]LogContentStreaming: Texture pool size is 0.000000MB
[2016.03.27-01.54.51:650][  0]LogMeshUtilities: No automatic mesh reduction module available
[2016.03.27-01.54.51:650][  0]LogMeshUtilities: No automatic mesh merging module available
[2016.03.27-01.54.52:652][  0]LogInit: WinSock: version 1.1 (2.2), MaxSocks=32767, MaxUdp=65467
[2016.03.27-01.54.54:352][  0]UdpMessaging: Initializing bridge on interface 0.0.0.0:0 to multicast group 230.0.0.1:6666.
[2016.03.27-01.54.54:491][  0]LogAssetRegistry: FAssetRegistry took 0.0100 seconds to start up
[2016.03.27-01.54.54:860][  0]SourceControl: Info Source control is disabled
[2016.03.27-01.54.55:854][  0]LogLinker:Warning: Asset '../../../Engine/Plugins/Runtime/LeapMotionController/Content/LM_PassthroughMaterial.uasset' has been saved with empty engine version. The asset will be loaded but may be incompatible.
[2016.03.27-01.54.56:171][  0]LogObj: 28361 objects as part of root set at end of initial load.
[2016.03.27-01.54.56:171][  0]LogUObjectAllocator: 6038864 out of 0 bytes used by permanent object pool.
[2016.03.27-01.54.56:306][  0]LogEngine: Initializing Engine...
[2016.03.27-01.54.56:309][  0]LogHMD: Can't find Oculus library dev build: is proper Runtime installed? Version: 0.7.0.0
[2016.03.27-01.54.56:335][  0]LogHMD: SteamVR failed to initialize.  Err: 110
[2016.03.27-01.54.56:600][  0]LogAIModule: Creating AISystem for world NewWorld
[2016.03.27-01.54.56:636][  0]LogInit: XAudio2 using 'Realtek HD Audio 2nd output (Realtek High Definition Audio)' : 2 channels at 48 kHz using 32 bits per sample (channel mask 0x3)
[2016.03.27-01.54.56:662][  0]LogInit: FAudioDevice initialized.
[2016.03.27-01.54.56:713][  0]LogDerivedDataCache: Saved boot cache 0.05s 36MB C:/Users/Mac/AppData/Local/UnrealEngine/4.9/DerivedDataCache/Boot.ddc.
[2016.03.27-01.54.56:732][  0]LogInit: Texture streaming: Enabled
[2016.03.27-01.54.56:755][  0]LogAnalytics: Creating configured Analytics provider AnalyticsET
[2016.03.27-01.54.56:755][  0]LogAnalytics: [UEEditor.Rocket.Release] APIServer = http://et2.epicgames.com/ET2/. AppVersion = 4.9.2-2707645+++depot+UE4-Releases+4.9
[2016.03.27-01.54.56:755][  0]LogAnalytics: [UEEditor.Rocket.Release] SetUserId c92e359e4c1a6c201633b6bcc7dbf1e7|36a6c868513f455193cc0da8c6059e86|33008512-3ab3-470e-834e-89fe18edf1db
[2016.03.27-01.54.56:755][  0]LogAnalytics: [UEEditor.Rocket.Release] AnalyticsET::StartSession
[2016.03.27-01.54.58:587][  0]LogInit: Transaction tracking system initialized
[2016.03.27-01.55.02:586][  0]BlueprintLog: New page: Editor Load
[2016.03.27-01.55.07:582][  0]LocalizationService: Info Localization service is disabled
[2016.03.27-01.55.11:669][  0]LogConsoleResponse:Display: 
[2016.03.27-01.55.13:194][  0]LogCook:Display: Done creating registry. It took  0.00s.
[2016.03.27-01.55.15:400][  0]LogFileCache: Scanning file cache for directory 'D:/program files/GitKrakenDir/PLANET_NOVA/Content/' took 0.03s
[2016.03.27-01.55.15:754][  0]Cmd: MAP LOAD FILE="../../../../../../GitKrakenDir/PLANET_NOVA/Content/ThirdPersonBP/Maps/ThirdPersonExampleMap.umap" TEMPLATE=0 SHOWPROGRESS=1 FEATURELEVEL=2
[2016.03.27-01.55.15:755][  0]LightingResults: New page: Lighting Build
[2016.03.27-01.55.15:762][  0]MapCheck: New page: Map Check
[2016.03.27-01.55.15:762][  0]LightingResults: New page: Lighting Build
[2016.03.27-01.55.15:792][  0]LogParticles: Destroying 0 GPU particle simulations for FXSystem 0x000000002171BCE0
[2016.03.27-01.55.15:801][  0]LogLinker:Warning: Asset '../../../../../../GitKrakenDir/PLANET_NOVA/Content/ThirdPersonBP/Blueprints/ThirdPersonCharacter.uasset' has been saved with empty engine version. The asset will be loaded but may be incompatible.
[2016.03.27-01.55.15:849][  0]LogLinker:Warning: Asset '../../../../../../GitKrakenDir/PLANET_NOVA/Content/Mannequin/Animations/ThirdPerson_AnimBP.uasset' has been saved with empty engine version. The asset will be loaded but may be incompatible.
[2016.03.27-01.55.15:885][  0]LogLinker:Warning: Asset '../../../../../../GitKrakenDir/PLANET_NOVA/Content/Mannequin/Animations/ThirdPerson_Jump.uasset' has been saved with empty engine version. The asset will be loaded but may be incompatible.
[2016.03.27-01.55.15:972][  0]LogLinker:Warning: Asset '../../../../../../GitKrakenDir/PLANET_NOVA/Content/Mannequin/Animations/ThirdPersonJump_Loop.uasset' has been saved with empty engine version. The asset will be loaded but may be incompatible.
[2016.03.27-01.55.15:992][  0]LogLinker:Warning: Asset '../../../../../../GitKrakenDir/PLANET_NOVA/Content/Mannequin/Animations/ThirdPersonJump_Start.uasset' has been saved with empty engine version. The asset will be loaded but may be incompatible.
[2016.03.27-01.55.16:008][  0]LogLinker:Warning: Asset '../../../../../../GitKrakenDir/PLANET_NOVA/Content/Mannequin/Animations/ThirdPerson_IdleRun_2D.uasset' has been saved with empty engine version. The asset will be loaded but may be incompatible.
[2016.03.27-01.55.16:012][  0]LogLinker:Warning: Asset '../../../../../../GitKrakenDir/PLANET_NOVA/Content/Mannequin/Animations/ThirdPersonIdle.uasset' has been saved with empty engine version. The asset will be loaded but may be incompatible.
[2016.03.27-01.55.16:033][  0]LogLinker:Warning: Asset '../../../../../../GitKrakenDir/PLANET_NOVA/Content/Mannequin/Animations/ThirdPersonRun.uasset' has been saved with empty engine version. The asset will be loaded but may be incompatible.
[2016.03.27-01.55.16:069][  0]LogLinker:Warning: Asset '../../../../../../GitKrakenDir/PLANET_NOVA/Content/Mannequin/Animations/ThirdPersonWalk.uasset' has been saved with empty engine version. The asset will be loaded but may be incompatible.
[2016.03.27-01.55.19:722][  0]LogAIModule: Creating AISystem for world ThirdPersonExampleMap
[2016.03.27-01.55.19:796][  0]LogEditorServer: Finished looking for orphan Actors (0.000 secs)
[2016.03.27-01.55.19:797][  0]Cmd: MAP CHECKDEP NOCLEARLOG
[2016.03.27-01.55.19:966][  0]MapCheck: Info Map check complete: 0 Error(s), 0 Warning(s), took 169.077ms to complete.
[2016.03.27-01.55.19:966][  0]LogFileHelpers: Loading map 'ThirdPersonExampleMap' took 4.213
[2016.03.27-01.55.20:454][  0]LogCollectionManager: Loaded 0 collections in 0.006619 seconds
[2016.03.27-01.55.20:503][  0]LogFileCache: Scanning file cache for directory 'D:/program files/GitKrakenDir/PLANET_NOVA/Saved/Collections/' took 0.01s
[2016.03.27-01.55.20:503][  0]LogFileCache: Scanning file cache for directory 'D:/program files/GitKrakenDir/PLANET_NOVA/Content/Developers/Mac/Collections/' took 0.01s
[2016.03.27-01.55.20:503][  0]LogFileCache: Scanning file cache for directory 'D:/program files/GitKrakenDir/PLANET_NOVA/Content/Collections/' took 0.01s
[2016.03.27-01.55.20:503][  0]LogContentBrowser: Native class hierarchy populated in 0.0146 seconds. Added 1867 classes and 333 folders.
[2016.03.27-01.55.20:515][  0]LogCollectionManager: Rebuilt the GUID cache for 0 collections in 0.000007 seconds
[2016.03.27-01.55.20:532][  0]LogContentBrowser: Native class hierarchy updated for 'WidgetCarousel' in 0.0007 seconds. Added 0 classes and 0 folders.
[2016.03.27-01.55.22:179][  0]LogContentBrowser: Native class hierarchy updated for 'AddContentDialog' in 0.0007 seconds. Added 0 classes and 0 folders.
[2016.03.27-01.55.22:259][  0]LogContentBrowser: Native class hierarchy updated for 'SceneOutliner' in 0.0007 seconds. Added 1 classes and 2 folders.
[2016.03.27-01.55.22:475][  0]LogCrashTracker: Crashtracker disabled due to settings.
[2016.03.27-01.55.22:580][  0]LogUObjectGlobals:Warning: Failed to find object 'Class None.'
[2016.03.27-01.55.22:625][  0]LogLoad: Full Startup: 53.31 seconds (BP compile: 0.27 seconds)
[2016.03.27-01.55.22:732][  0]LogContentStreaming: Texture pool size now 200 MB
[2016.03.27-01.55.23:162][  0]LogRenderer: Reallocating scene render targets to support 860x512 (Frame:2).
[2016.03.27-01.55.24:026][  8]LogAssetRegistry: Asset discovery search completed in 29.5571 seconds
[2016.03.27-01.55.24:026][  8]LogCollectionManager: Rebuilt the object cache for 0 collections in 0.000001 seconds (found 0 objects)
[2016.03.27-01.55.24:026][  8]LogCollectionManager: Fixed up redirectors for 0 collections in 0.000048 seconds (updated 0 objects)
[2016.03.27-01.56.15:547][900]LogEditorViewport: Clicking on Actor (LMB): StaticMeshActor (Ramp_StaticMesh)
[2016.03.27-01.56.17:516][992]Cmd: DELETE
[2016.03.27-01.56.17:516][992]Cmd: ACTOR DELETE
[2016.03.27-01.56.17:671][992]LogEditorActor: Deleted Actor: StaticMeshActor
[2016.03.27-01.56.17:764][992]LogEditorActor: Deleted 1 Actors (0.096 secs)
[2016.03.27-01.56.19:641][110]LogEditorViewport: Clicking on Actor (LMB): StaticMeshActor (LeftArm_StaticMesh)
[2016.03.27-01.56.23:753][363]LogEditorViewport: Clicking on Actor (LMB): StaticMeshActor (LeftArm_StaticMesh)
[2016.03.27-01.56.23:790][363]Cmd: DELETE
[2016.03.27-01.56.23:790][363]Cmd: ACTOR DELETE
[2016.03.27-01.56.23:791][363]LogEditorActor: Deleted Actor: StaticMeshActor
[2016.03.27-01.56.23:822][363]LogEditorActor: Deleted 1 Actors (0.032 secs)
[2016.03.27-01.56.26:281][522]LogEditorViewport: Clicking on Actor (LMB): StaticMeshActor (Bump_StaticMesh)
[2016.03.27-01.56.28:656][662]Cmd: DELETE
[2016.03.27-01.56.28:656][662]Cmd: ACTOR DELETE
[2016.03.27-01.56.28:657][662]LogEditorActor: Deleted Actor: StaticMeshActor
[2016.03.27-01.56.28:685][662]LogEditorActor: Deleted 1 Actors (0.028 secs)
[2016.03.27-01.56.33:947][920]LogSavePackage: Save=746.953003ms
[2016.03.27-01.56.33:947][920]LogSavePackage: Moving '../../../../../../GitKrakenDir/PLANET_NOVA/Saved/ThirdPersonExampleMap76745DC6470AB5717A932DAB8568274C.tmp' to '../../../../../../GitKrakenDir/PLANET_NOVA/Content/ThirdPersonBP/Maps/ThirdPersonExampleMap.umap'
[2016.03.27-01.56.33:954][920]LogSavePackage: Total save time: 779.474262ms
[2016.03.27-01.56.33:954][920]LogSavePackage:Warning: Finished SavePackage ../../../../../../GitKrakenDir/PLANET_NOVA/Content/ThirdPersonBP/Maps/ThirdPersonExampleMap.umap
[2016.03.27-01.56.46:680][638]Cmd: QUIT_EDITOR
[2016.03.27-01.56.47:234][638]LogExit: Preparing to exit.
[2016.03.27-01.56.48:495][638]LogExit: Editor shut down
[2016.03.27-01.56.48:497][638]LogExit: Transaction tracking system shut down
[2016.03.27-01.56.48:500][638]LogParticles: Destroying 0 GPU particle simulations for FXSystem 0x00000000262F3920
[2016.03.27-01.56.48:805][638]LogParticles: Destroying 0 GPU particle simulations for FXSystem 0x000000002751D760
[2016.03.27-01.56.48:805][638]LogParticles: Destroying 0 GPU particle simulations for FXSystem 0x00000000278B6DE0
[2016.03.27-01.56.48:805][638]LogParticles: Destroying 0 GPU particle simulations for FXSystem 0x00000000278B6160
[2016.03.27-01.56.48:805][638]LogExit: Object subsystem successfully closed.
[2016.03.27-01.56.48:829][638]LogD3D11RHI: Shutdown
[2016.03.27-01.56.48:829][638]LogD3D11RHI: CleanupD3DDevice
[2016.03.27-01.56.48:938][638]LogD3D11RHI: ~FD3D11DynamicRHI
[2016.03.27-01.56.49:047][638]LogModuleManager: Shutting down and abandoning module CrashTracker (197)
[2016.03.27-01.56.49:047][638]LogModuleManager: Shutting down and abandoning module SceneOutliner (196)
[2016.03.27-01.56.49:054][638]LogModuleManager: Shutting down and abandoning module SuperSearch (195)
[2016.03.27-01.56.49:054][638]LogModuleManager: Shutting down and abandoning module WidgetCarousel (194)
[2016.03.27-01.56.49:054][638]LogModuleManager: Shutting down and abandoning module AddContentDialog (193)
[2016.03.27-01.56.49:058][638]LogModuleManager: Shutting down and abandoning module EditorWidgets (192)
[2016.03.27-01.56.49:058][638]LogModuleManager: Shutting down and abandoning module CollectionManager (191)
[2016.03.27-01.56.49:059][638]LogModuleManager: Shutting down and abandoning module StatsViewer (190)
[2016.03.27-01.56.49:059][638]LogModuleManager: Shutting down and abandoning module FoliageEdit (189)
[2016.03.27-01.56.49:059][638]LogModuleManager: Shutting down and abandoning module LandscapeEditor (188)
[2016.03.27-01.56.49:109][638]LogModuleManager: Shutting down and abandoning module ActorPickerMode (187)
[2016.03.27-01.56.49:109][638]LogModuleManager: Shutting down and abandoning module GeometryMode (186)
[2016.03.27-01.56.49:109][638]LogModuleManager: Shutting down and abandoning module TextureAlignMode (185)
[2016.03.27-01.56.49:109][638]LogModuleManager: Shutting down and abandoning module BspMode (184)
[2016.03.27-01.56.49:109][638]LogModuleManager: Shutting down and abandoning module PlacementMode (183)
[2016.03.27-01.56.49:109][638]LogModuleManager: Shutting down and abandoning module AutomationWorker (182)
[2016.03.27-01.56.49:109][638]LogModuleManager: Shutting down and abandoning module CharacterAI (181)
[2016.03.27-01.56.49:109][638]LogModuleManager: Shutting down and abandoning module SmartSnapping (180)
[2016.03.27-01.56.49:109][638]LogModuleManager: Shutting down and abandoning module ViewportSnapping (179)
[2016.03.27-01.56.49:109][638]LogModuleManager: Shutting down and abandoning module LogVisualizer (178)
[2016.03.27-01.56.49:110][638]LogModuleManager: Shutting down and abandoning module GameProjectGeneration (177)
[2016.03.27-01.56.49:110][638]LogModuleManager: Shutting down and abandoning module IntroTutorials (176)
[2016.03.27-01.56.49:110][638]LogModuleManager: Shutting down and abandoning module EditorLiveStreaming (175)
[2016.03.27-01.56.49:110][638]LogModuleManager: Shutting down and abandoning module IOSPlatformEditor (174)
[2016.03.27-01.56.49:110][638]LogModuleManager: Shutting down and abandoning module HTML5PlatformEditor (173)
[2016.03.27-01.56.49:110][638]LogModuleManager: Shutting down and abandoning module AndroidDeviceDetection (172)
[2016.03.27-01.56.49:319][638]LogModuleManager: Shutting down and abandoning module AndroidPlatformEditor (171)
[2016.03.27-01.56.49:319][638]LogModuleManager: Shutting down and abandoning module IOSRuntimeSettings (170)
[2016.03.27-01.56.49:319][638]LogModuleManager: Shutting down and abandoning module AndroidRuntimeSettings (169)
[2016.03.27-01.56.49:319][638]LogModuleManager: Shutting down and abandoning module MergeActors (168)
[2016.03.27-01.56.49:328][638]LogModuleManager: Shutting down and abandoning module SizeMap (167)
[2016.03.27-01.56.49:328][638]LogModuleManager: Shutting down and abandoning module TreeMap (166)
[2016.03.27-01.56.49:328][638]LogModuleManager: Shutting down and abandoning module ReferenceViewer (165)
[2016.03.27-01.56.49:328][638]LogModuleManager: Shutting down and abandoning module LocalizationService (164)
[2016.03.27-01.56.49:328][638]LogModuleManager: Shutting down and abandoning module LocalizationDashboard (163)
[2016.03.27-01.56.49:333][638]LogModuleManager: Shutting down and abandoning module HardwareTargeting (162)
[2016.03.27-01.56.49:333][638]LogModuleManager: Shutting down and abandoning module DeviceProfileEditor (161)
[2016.03.27-01.56.49:333][638]LogModuleManager: Shutting down and abandoning module UndoHistory (160)
[2016.03.27-01.56.49:333][638]LogModuleManager: Shutting down and abandoning module GameplayTagsEditor (159)
[2016.03.27-01.56.49:333][638]LogModuleManager: Shutting down and abandoning module UserFeedback (158)
[2016.03.27-01.56.49:333][638]LogModuleManager: Shutting down and abandoning module XmlParser (157)
[2016.03.27-01.56.49:333][638]LogModuleManager: Shutting down and abandoning module Blutility (156)
[2016.03.27-01.56.49:333][638]LogModuleManager: Shutting down and abandoning module ProjectTargetPlatformEditor (155)
[2016.03.27-01.56.49:334][638]LogModuleManager: Shutting down and abandoning module ProjectSettingsViewer (154)
[2016.03.27-01.56.49:334][638]LogModuleManager: Shutting down and abandoning module InputBindingEditor (153)
[2016.03.27-01.56.49:334][638]LogModuleManager: Shutting down and abandoning module EditorSettingsViewer (152)
[2016.03.27-01.56.49:334][638]LogModuleManager: Shutting down and abandoning module SettingsEditor (151)
[2016.03.27-01.56.49:334][638]LogModuleManager: Shutting down and abandoning module ProjectLauncher (150)
[2016.03.27-01.56.49:334][638]LogModuleManager: Shutting down and abandoning module SessionFrontend (149)
[2016.03.27-01.56.49:334][638]LogModuleManager: Shutting down and abandoning module ProfilerClient (148)
[2016.03.27-01.56.49:342][638]LogModuleManager: Shutting down and abandoning module TargetDeviceServices (147)
[2016.03.27-01.56.49:342][638]LogModuleManager: Shutting down and abandoning module DeviceManager (146)
[2016.03.27-01.56.49:342][638]LogModuleManager: Shutting down and abandoning module AutomationController (145)
[2016.03.27-01.56.49:342][638]LogModuleManager: Shutting down and abandoning module AutomationWindow (144)
[2016.03.27-01.56.49:352][638]LogModuleManager: Shutting down and abandoning module Layers (143)
[2016.03.27-01.56.49:362][638]LogModuleManager: Shutting down and abandoning module ComponentVisualizers (142)
[2016.03.27-01.56.49:362][638]LogModuleManager: Shutting down and abandoning module DetailCustomizations (141)
[2016.03.27-01.56.49:362][638]LogModuleManager: Shutting down and abandoning module PackagesDialog (140)
[2016.03.27-01.56.49:372][638]LogModuleManager: Shutting down and abandoning module Persona (139)
[2016.03.27-01.56.49:372][638]LogModuleManager: Shutting down and abandoning module Kismet (138)
[2016.03.27-01.56.49:372][638]LogModuleManager: Shutting down and abandoning module GraphEditor (137)
[2016.03.27-01.56.49:372][638]LogModuleManager: Shutting down and abandoning module ClassViewer (136)
[2016.03.27-01.56.49:372][638]LogModuleManager: Shutting down and abandoning module Toolbox (135)
[2016.03.27-01.56.49:372][638]LogModuleManager: Shutting down and abandoning module ModuleUI (134)
[2016.03.27-01.56.49:382][638]LogModuleManager: Shutting down and abandoning module MovieSceneTools (133)
[2016.03.27-01.56.49:382][638]LogModuleManager: Shutting down and abandoning module OutputLog (132)
[2016.03.27-01.56.49:382][638]LogModuleManager: Shutting down and abandoning module GammaUI (131)
[2016.03.27-01.56.49:389][638]LogModuleManager: Shutting down and abandoning module Documentation (130)
[2016.03.27-01.56.49:390][638]LogModuleManager: Shutting down and abandoning module GameLiveStreaming (129)
[2016.03.27-01.56.49:390][638]LogModuleManager: Shutting down and abandoning module StreamingPauseRendering (128)
[2016.03.27-01.56.49:390][638]LogModuleManager: Shutting down and abandoning module AnalyticsET (127)
[2016.03.27-01.56.49:390][638]LogModuleManager: Shutting down and abandoning module Analytics (126)
[2016.03.27-01.56.49:390][638]LogModuleManager: Shutting down and abandoning module AITestSuite (125)
[2016.03.27-01.56.49:390][638]LogModuleManager: Shutting down and abandoning module GameplayDebugger (124)
[2016.03.27-01.56.49:390][638]LogModuleManager: Shutting down and abandoning module AIModule (123)
[2016.03.27-01.56.49:390][638]LogModuleManager: Shutting down and abandoning module ProfilerService (122)
[2016.03.27-01.56.49:617][638]LogModuleManager: Shutting down and abandoning module TaskGraph (121)
[2016.03.27-01.56.49:617][638]LogModuleManager: Shutting down and abandoning module SlateRemote (120)
[2016.03.27-01.56.49:617][638]LogModuleManager: Shutting down and abandoning module SteamVRController (119)
[2016.03.27-01.56.49:617][638]LogModuleManager: Shutting down and abandoning module SteamVR (118)
[2016.03.27-01.56.49:617][638]LogModuleManager: Shutting down and abandoning module ProceduralMeshComponent (117)
[2016.03.27-01.56.49:617][638]LogModuleManager: Shutting down and abandoning module OculusRift (116)
[2016.03.27-01.56.49:617][638]LogModuleManager: Shutting down and abandoning module OculusLibrary (115)
[2016.03.27-01.56.49:617][638]LogModuleManager: Shutting down and abandoning module LeapMotionController (114)
[2016.03.27-01.56.49:632][638]LogModuleManager: Shutting down and abandoning module CustomMeshComponent (113)
[2016.03.27-01.56.49:632][638]LogModuleManager: Shutting down and abandoning module CableComponent (112)
[2016.03.27-01.56.49:632][638]LogModuleManager: Shutting down and abandoning module ArchVisCharacter (111)
[2016.03.27-01.56.49:632][638]LogModuleManager: Shutting down and abandoning module MessagingDebugger (110)
[2016.03.27-01.56.49:632][638]LogModuleManager: Shutting down and abandoning module MediaPlayerEditor (109)
[2016.03.27-01.56.49:632][638]LogModuleManager: Shutting down and abandoning module HTML5Networking (108)
[2016.03.27-01.56.49:632][638]LogModuleManager: Shutting down and abandoning module SpeedTreeImporter (107)
[2016.03.27-01.56.49:632][638]LogModuleManager: Shutting down and abandoning module PluginBrowser (106)
[2016.03.27-01.56.49:632][638]LogModuleManager: Shutting down and abandoning module EpicSurvey (105)
[2016.03.27-01.56.49:632][638]LogModuleManager: Shutting down and abandoning module DesktopPlatform (104)
[2016.03.27-01.56.49:632][638]LogModuleManager: Shutting down and abandoning module VisualStudioSourceCodeAccess (103)
[2016.03.27-01.56.49:632][638]LogModuleManager: Shutting down and abandoning module UObjectPlugin (102)
[2016.03.27-01.56.49:632][638]LogModuleManager: Shutting down and abandoning module SubversionSourceControl (101)
[2016.03.27-01.56.49:632][638]LogModuleManager: Shutting down and abandoning module PerforceSourceControl (100)
[2016.03.27-01.56.49:632][638]LogModuleManager: Shutting down and abandoning module SourceControl (99)
[2016.03.27-01.56.49:632][638]LogModuleManager: Shutting down and abandoning module GitSourceControl (98)
[2016.03.27-01.56.49:632][638]LogModuleManager: Shutting down and abandoning module LightPropagationVolumeEditor (97)
[2016.03.27-01.56.49:632][638]LogModuleManager: Shutting down and abandoning module PaperTiledImporter (96)
[2016.03.27-01.56.49:632][638]LogModuleManager: Shutting down and abandoning module PaperSpriteSheetImporter (95)
[2016.03.27-01.56.49:632][638]LogModuleManager: Shutting down and abandoning module MeshPaint (94)
[2016.03.27-01.56.49:632][638]LogModuleManager: Shutting down and abandoning module SlateReflector (93)
[2016.03.27-01.56.49:633][638]LogModuleManager: Shutting down and abandoning module HotReload (92)
[2016.03.27-01.56.49:633][638]LogModuleManager: Shutting down and abandoning module MainFrame (91)
[2016.03.27-01.56.49:633][638]LogModuleManager: Shutting down and abandoning module LevelEditor (90)
[2016.03.27-01.56.49:634][638]LogModuleManager: Shutting down and abandoning module DirectoryWatcher (89)
[2016.03.27-01.56.49:637][638]LogModuleManager: Shutting down and abandoning module AssetRegistry (88)
[2016.03.27-01.56.50:286][638]LogFileManager:Warning: DeleteFile was unable to delete '../../../../../../GitKrakenDir/PLANET_NOVA/Intermediate/CachedAssetRegistry.bin', retrying in .5s...
[2016.03.27-01.56.50:286][638]LogFileManager:Warning: DeleteFile recovered during retry!
[2016.03.27-01.56.50:286][638]LogModuleManager: Shutting down and abandoning module ContentBrowser (87)
[2016.03.27-01.56.50:288][638]LogModuleManager: Shutting down and abandoning module Paper2DEditor (86)
[2016.03.27-01.56.50:288][638]LogModuleManager: Shutting down and abandoning module UdpMessaging (85)
[2016.03.27-01.56.50:388][638]LogModuleManager: Shutting down and abandoning module LightPropagationVolumeRuntime (84)
[2016.03.27-01.56.50:388][638]LogModuleManager: Shutting down and abandoning module Paper2D (83)
[2016.03.27-01.56.50:388][638]LogModuleManager: Shutting down and abandoning module WindowsMoviePlayer (82)
[2016.03.27-01.56.50:394][638]LogModuleManager: Shutting down and abandoning module Media (81)
[2016.03.27-01.56.50:394][638]LogModuleManager: Shutting down and abandoning module WmfMedia (80)
[2016.03.27-01.56.50:395][638]LogModuleManager: Shutting down and abandoning module OnlineBlueprintSupport (79)
[2016.03.27-01.56.50:395][638]LogModuleManager: Shutting down and abandoning module GameplayTasksEditor (78)
[2016.03.27-01.56.50:395][638]LogModuleManager: Shutting down and abandoning module PropertyEditor (77)
[2016.03.27-01.56.50:395][638]LogModuleManager: Shutting down and abandoning module BehaviorTreeEditor (76)
[2016.03.27-01.56.50:395][638]LogModuleManager: Shutting down and abandoning module FunctionalTesting (75)
[2016.03.27-01.56.50:395][638]LogModuleManager: Shutting down and abandoning module CollisionAnalyzer (74)
[2016.03.27-01.56.50:395][638]LogModuleManager: Shutting down and abandoning module WorkspaceMenuStructure (73)
[2016.03.27-01.56.50:395][638]LogModuleManager: Shutting down and abandoning module MessageLog (72)
[2016.03.27-01.56.50:395][638]LogModuleManager: Shutting down and abandoning module Sequencer (71)
[2016.03.27-01.56.50:395][638]LogModuleManager: Shutting down and abandoning module AssetTools (70)
[2016.03.27-01.56.50:395][638]LogModuleManager: Shutting down and abandoning module UMGEditor (69)
[2016.03.27-01.56.50:395][638]LogModuleManager: Shutting down and abandoning module UMG (68)
[2016.03.27-01.56.50:395][638]LogModuleManager: Shutting down and abandoning module Slate (67)
[2016.03.27-01.56.50:395][638]LogModuleManager: Shutting down and abandoning module EditorStyle (66)
[2016.03.27-01.56.50:399][638]LogModuleManager: Shutting down and abandoning module SessionServices (65)
[2016.03.27-01.56.50:399][638]LogModuleManager: Shutting down and abandoning module SourceCodeAccess (64)
[2016.03.27-01.56.50:399][638]LogModuleManager: Shutting down and abandoning module HeadMountedDisplay (63)
[2016.03.27-01.56.50:399][638]LogModuleManager: Shutting down and abandoning module XAudio2 (62)
[2016.03.27-01.56.50:399][638]LogModuleManager: Shutting down and abandoning module Networking (60)
[2016.03.27-01.56.50:399][638]LogModuleManager: Shutting down and abandoning module Core (59)
[2016.03.27-01.56.50:399][638]LogModuleManager: Shutting down and abandoning module KismetCompiler (58)
[2016.03.27-01.56.50:399][638]LogModuleManager: Shutting down and abandoning module PhysXFormats (57)
[2016.03.27-01.56.50:399][638]LogModuleManager: Shutting down and abandoning module MeshUtilities (56)
[2016.03.27-01.56.50:399][638]LogModuleManager: Shutting down and abandoning module CookingStats (55)
[2016.03.27-01.56.50:400][638]LogModuleManager: Shutting down and abandoning module DerivedDataCache (54)
[2016.03.27-01.56.50:920][638]LogDerivedDataCache: Shutdown
[2016.03.27-01.56.50:920][638]LogModuleManager: Shutting down and abandoning module ShaderFormatOpenGL (53)
[2016.03.27-01.56.50:920][638]LogModuleManager: Shutting down and abandoning module ShaderFormatD3D (52)
[2016.03.27-01.56.50:920][638]LogModuleManager: Shutting down and abandoning module MetalShaderFormat (51)
[2016.03.27-01.56.50:920][638]LogModuleManager: Shutting down and abandoning module TextureFormatUncompressed (50)
[2016.03.27-01.56.50:920][638]LogModuleManager: Shutting down and abandoning module TextureFormatPVR (49)
[2016.03.27-01.56.50:920][638]LogModuleManager: Shutting down and abandoning module TextureFormatIntelISPCTexComp (48)
[2016.03.27-01.56.50:921][638]LogModuleManager: Shutting down and abandoning module TextureFormatDXT (47)
[2016.03.27-01.56.50:921][638]LogModuleManager: Shutting down and abandoning module ImageWrapper (46)
[2016.03.27-01.56.50:921][638]LogModuleManager: Shutting down and abandoning module TextureFormatASTC (45)
[2016.03.27-01.56.50:921][638]LogModuleManager: Shutting down and abandoning module TextureFormatAndroid (44)
[2016.03.27-01.56.50:921][638]LogModuleManager: Shutting down and abandoning module AudioFormatOpus (43)
[2016.03.27-01.56.50:921][638]LogModuleManager: Shutting down and abandoning module AudioFormatOgg (42)
[2016.03.27-01.56.50:921][638]LogModuleManager: Shutting down and abandoning module AudioFormatADPCM (41)
[2016.03.27-01.56.50:921][638]LogModuleManager: Shutting down and abandoning module LinuxTargetPlatform (40)
[2016.03.27-01.56.50:921][638]LogModuleManager: Shutting down and abandoning module LinuxServerTargetPlatform (39)
[2016.03.27-01.56.50:921][638]LogModuleManager: Shutting down and abandoning module LinuxNoEditorTargetPlatform (38)
[2016.03.27-01.56.50:921][638]LogModuleManager: Shutting down and abandoning module Messaging (37)
[2016.03.27-01.56.50:921][638]LogModuleManager: Shutting down and abandoning module IOSTargetPlatform (36)
[2016.03.27-01.56.50:921][638]LogModuleManager: Shutting down and abandoning module HTML5TargetPlatform (35)
[2016.03.27-01.56.50:921][638]LogModuleManager: Shutting down and abandoning module Android_PVRTCTargetPlatform (34)
[2016.03.27-01.56.50:921][638]LogModuleManager: Shutting down and abandoning module Android_ETC2TargetPlatform (33)
[2016.03.27-01.56.50:921][638]LogModuleManager: Shutting down and abandoning module Android_ETC1TargetPlatform (32)
[2016.03.27-01.56.50:921][638]LogModuleManager: Shutting down and abandoning module Android_DXTTargetPlatform (31)
[2016.03.27-01.56.50:921][638]LogModuleManager: Shutting down and abandoning module Android_ATCTargetPlatform (30)
[2016.03.27-01.56.50:921][638]LogModuleManager: Shutting down and abandoning module Android_ASTCTargetPlatform (29)
[2016.03.27-01.56.50:921][638]LogModuleManager: Shutting down and abandoning module AndroidTargetPlatform (28)
[2016.03.27-01.56.50:921][638]LogModuleManager: Shutting down and abandoning module WindowsTargetPlatform (27)
[2016.03.27-01.56.50:921][638]LogModuleManager: Shutting down and abandoning module WindowsServerTargetPlatform (26)
[2016.03.27-01.56.50:921][638]LogModuleManager: Shutting down and abandoning module WindowsNoEditorTargetPlatform (25)
[2016.03.27-01.56.50:921][638]LogModuleManager: Shutting down and abandoning module WindowsClientTargetPlatform (24)
[2016.03.27-01.56.50:921][638]LogModuleManager: Shutting down and abandoning module AllDesktopTargetPlatform (23)
[2016.03.27-01.56.50:921][638]LogModuleManager: Shutting down and abandoning module TargetPlatform (22)
[2016.03.27-01.56.50:921][638]LogModuleManager: Shutting down and abandoning module InputCore (21)
[2016.03.27-01.56.50:921][638]LogModuleManager: Shutting down and abandoning module Settings (20)
[2016.03.27-01.56.50:921][638]LogModuleManager: Shutting down and abandoning module OnlineSubsystem (18)
[2016.03.27-01.56.50:921][638]LogModuleManager: Shutting down and abandoning module HTTP (17)
[2016.03.27-01.56.51:921][638]LogModuleManager: Shutting down and abandoning module XMPP (16)
[2016.03.27-01.56.51:921][638]LogModuleManager: Shutting down and abandoning module ExampleDeviceProfileSelector (15)
[2016.03.27-01.56.51:921][638]LogModuleManager: Shutting down and abandoning module TextureCompressor (14)
[2016.03.27-01.56.51:921][638]LogModuleManager: Shutting down and abandoning module ShaderCore (13)
[2016.03.27-01.56.51:921][638]LogModuleManager: Shutting down and abandoning module Landscape (12)
[2016.03.27-01.56.51:921][638]LogModuleManager: Shutting down and abandoning module SlateRHIRenderer (11)
[2016.03.27-01.56.51:924][638]LogModuleManager: Shutting down and abandoning module OpenGLDrv (10)
[2016.03.27-01.56.51:924][638]LogModuleManager: Shutting down and abandoning module D3D11RHI (9)
[2016.03.27-01.56.51:924][638]LogModuleManager: Shutting down and abandoning module AnimGraphRuntime (8)
[2016.03.27-01.56.51:924][638]LogModuleManager: Shutting down and abandoning module Renderer (7)
[2016.03.27-01.56.51:924][638]LogModuleManager: Shutting down and abandoning module Engine (6)
[2016.03.27-01.56.51:924][638]LogModuleManager: Shutting down and abandoning module CoreUObject (5)
[2016.03.27-01.56.51:924][638]LogModuleManager: Shutting down and abandoning module NetworkFile (4)
[2016.03.27-01.56.51:924][638]LogModuleManager: Shutting down and abandoning module StreamingFile (3)
[2016.03.27-01.56.51:924][638]LogModuleManager: Shutting down and abandoning module SandboxFile (2)
[2016.03.27-01.56.51:924][638]LogModuleManager: Shutting down and abandoning module PakFile (1)
[2016.03.27-01.56.51:925][638]LogExit: Exiting.
[2016.03.27-01.56.51:949][638]Log file closed, 03/27/16 02:56:51
