[2016.03.28-15.15.18:207][  0]Log file open, 03/28/16 16:15:18
[2016.03.28-15.15.18:207][  0]LogInit:Display: Running engine for game: Planet_Nova
[2016.03.28-15.15.18:207][  0]LogInit:Display: RandInit(-103795437) SRandInit(-103795436).
[2016.03.28-15.15.18:207][  0]LogTaskGraph: Started task graph with 4 named threads and 7 total threads.
[2016.03.28-15.15.18:207][  0]LogStats: Stats thread started at 0.321717
[2016.03.28-15.15.18:207][  0]LogInit: Version: 4.9.2-2707645+++depot+UE4-Releases+4.9
[2016.03.28-15.15.18:207][  0]LogInit: API Version: 2672455
[2016.03.28-15.15.18:207][  0]LogInit: Compiled (64-bit): Sep 28 2015 10:25:44
[2016.03.28-15.15.18:207][  0]LogInit: Compiled with Visual C++: 18.00.21005.01
[2016.03.28-15.15.18:207][  0]LogInit: Build Configuration: Development
[2016.03.28-15.15.18:207][  0]LogInit: Branch Name: ++depot+UE4-Releases+4.9
[2016.03.28-15.15.18:207][  0]LogInit: Command line:  
[2016.03.28-15.15.18:207][  0]LogInit: Base directory: D:/program files/Unreal/Epic Games/4.9/Engine/Binaries/Win64/
[2016.03.28-15.15.18:207][  0]LogInit: Rocket: 1
[2016.03.28-15.15.18:409][  0]LogInit: Using libcurl 7.41.0
[2016.03.28-15.15.18:409][  0]LogInit:  - built for x86_64-pc-win32
[2016.03.28-15.15.18:409][  0]LogInit:  - supports SSL with WinSSL
[2016.03.28-15.15.18:409][  0]LogInit:  - other features:
[2016.03.28-15.15.18:409][  0]LogInit:      CURL_VERSION_SSL
[2016.03.28-15.15.18:409][  0]LogInit:      CURL_VERSION_IPV6
[2016.03.28-15.15.18:409][  0]LogInit:      CURL_VERSION_ASYNCHDNS
[2016.03.28-15.15.18:409][  0]LogInit:      CURL_VERSION_LARGEFILE
[2016.03.28-15.15.18:409][  0]LogInit:      CURL_VERSION_IDN
[2016.03.28-15.15.18:409][  0]LogInit:  CurlRequestOptions (configurable via config and command line):
[2016.03.28-15.15.18:409][  0]LogInit:  - bVerifyPeer = true  - Libcurl will verify peer certificate
[2016.03.28-15.15.18:409][  0]LogInit:  - bUseHttpProxy = false  - Libcurl will NOT use HTTP proxy
[2016.03.28-15.15.18:409][  0]LogInit:  - bDontReuseConnections = false  - Libcurl will reuse connections
[2016.03.28-15.15.18:409][  0]LogInit:  - CertBundlePath = nullptr  - Libcurl will use whatever was configured at build time.
[2016.03.28-15.15.18:691][  0]LogInit: Presizing for 0 objects not considered by GC, pre-allocating 0 bytes.
[2016.03.28-15.15.18:711][  0]LogInit: Object subsystem initialized
[2016.03.28-15.15.18:711][  0]LogInit: Selected Device Profile: [Windows]
[2016.03.28-15.15.18:711][  0]LogInit: Applying CVar settings loaded from the selected device profile: [Windows]
[2016.03.28-15.15.18:781][  0]LogInit: Computer: MAC-KOMPUTER
[2016.03.28-15.15.18:781][  0]LogInit: User: Mac
[2016.03.28-15.15.18:781][  0]LogInit: CPU Page size=4096, Cores=4
[2016.03.28-15.15.18:781][  0]LogInit: High frequency timer resolution =2.278652 MHz
[2016.03.28-15.15.18:781][  0]LogMemory: Memory total: Physical=4.0GB (4GB approx)
[2016.03.28-15.15.18:781][  0]LogMemory: Platform Memory Stats for Windows
[2016.03.28-15.15.18:781][  0]LogMemory: Process Physical Memory: 54.66 MB used, 54.66 MB peak
[2016.03.28-15.15.18:781][  0]LogMemory: Process Virtual Memory: 56.44 MB used, 56.44 MB peak
[2016.03.28-15.15.18:781][  0]LogMemory: Physical Memory: 2878.95 MB used, 4094.49 MB total
[2016.03.28-15.15.18:781][  0]LogMemory: Virtual Memory: 353.70 MB used, 8388608.00 MB total
[2016.03.28-15.15.20:439][  0]LogTextLocalizationManager: No specific translations for ('en-GB') exist, so ('en') translations will be used.
[2016.03.28-15.15.22:780][  0]LogD3D11RHI: Found D3D11 adapter 0: NVIDIA GeForce 9600 GT (Feature Level 10_0)
[2016.03.28-15.15.22:780][  0]LogD3D11RHI: Adapter has 1005MB of dedicated video memory, 0MB of dedicated system memory, and 1791MB of shared system memory, 1 output[s]
[2016.03.28-15.15.22:780][  0]LogD3D11RHI: Chosen D3D11 Adapter Id = 0
[2016.03.28-15.15.22:790][  0]LogD3D11RHI: !Direct3DDevice
[2016.03.28-15.15.22:791][  0]LogRHI: Texture pool is 703 MB (70% of 1005 MB)
[2016.03.28-15.15.22:804][  0]LogD3D11RHI: Async texture creation enabled
[2016.03.28-15.15.22:822][  0]LogShaderCompilers: Guid format shader working directory is 15 characters bigger than the processId version (../../../../../../GitKrakenDir/PLANET_NOVA/Intermediate/Shaders/WorkingDirectory/3976/).
[2016.03.28-15.15.22:822][  0]LogShaderCompilers: Cleaned the shader compiler working directory '../../../../../../GitKrakenDir/PLANET_NOVA/Intermediate/Shaders/tmp/EB876A87454A8C326F6FACBEF1A20EA3/'.
[2016.03.28-15.15.22:822][  0]LogShaderCompilers:Display: Using Local Shader Compiler.
[2016.03.28-15.15.30:367][  0]LogTemp:Display: Loaded TP AllDesktopTargetPlatform
[2016.03.28-15.15.30:425][  0]LogTemp:Display: Loaded TP WindowsClientTargetPlatform
[2016.03.28-15.15.30:470][  0]LogTemp:Display: Loaded TP WindowsNoEditorTargetPlatform
[2016.03.28-15.15.30:514][  0]LogTemp:Display: Loaded TP WindowsServerTargetPlatform
[2016.03.28-15.15.30:558][  0]LogTemp:Display: Loaded TP WindowsTargetPlatform
[2016.03.28-15.15.30:602][  0]LogTemp:Display: Loaded TP AndroidTargetPlatform
[2016.03.28-15.15.30:622][  0]LogTemp:Display: Loaded TP Android_ASTCTargetPlatform
[2016.03.28-15.15.30:690][  0]LogTemp:Display: Loaded TP Android_ATCTargetPlatform
[2016.03.28-15.15.30:734][  0]LogTemp:Display: Loaded TP Android_DXTTargetPlatform
[2016.03.28-15.15.30:767][  0]LogTemp:Display: Loaded TP Android_ETC1TargetPlatform
[2016.03.28-15.15.30:804][  0]LogTemp:Display: Loaded TP Android_ETC2TargetPlatform
[2016.03.28-15.15.30:849][  0]LogTemp:Display: Loaded TP Android_PVRTCTargetPlatform
[2016.03.28-15.15.30:913][  0]LogTemp:Display: Loaded TP HTML5TargetPlatform
[2016.03.28-15.15.31:056][  0]LogTemp:Display: Loaded TP IOSTargetPlatform
[2016.03.28-15.15.31:085][  0]LogTemp:Display: Loaded TP LinuxNoEditorTargetPlatform
[2016.03.28-15.15.31:117][  0]LogTemp:Display: Loaded TP LinuxServerTargetPlatform
[2016.03.28-15.15.31:171][  0]LogTemp:Display: Loaded TP LinuxTargetPlatform
[2016.03.28-15.15.31:171][  0]LogTargetPlatformManager:Display: Building Assets For Windows
[2016.03.28-15.15.32:832][  0]LogDerivedDataCache:Display: Max Cache Size: 512 MB
[2016.03.28-15.15.33:387][  0]LogDerivedDataCache: Loaded boot cache 0.54s 36MB C:/Users/Mac/AppData/Local/UnrealEngine/4.9/DerivedDataCache/Boot.ddc.
[2016.03.28-15.15.33:387][  0]LogDerivedDataCache:Display: Loaded Boot cache: C:/Users/Mac/AppData/Local/UnrealEngine/4.9/DerivedDataCache/Boot.ddc
[2016.03.28-15.15.33:388][  0]LogDerivedDataCache: FDerivedDataBackendGraph:  Pak pak cache file ../../../../../../GitKrakenDir/PLANET_NOVA/DerivedDataCache/DDC.ddp not found, will not use a pak cache.
[2016.03.28-15.15.33:388][  0]LogDerivedDataCache: Unable to find inner node Pak for hierarchical cache Hierarchy.
[2016.03.28-15.15.33:388][  0]LogDerivedDataCache: FDerivedDataBackendGraph:  CompressedPak pak cache file ../../../../../../GitKrakenDir/PLANET_NOVA/DerivedDataCache/Compressed.ddp not found, will not use a pak cache.
[2016.03.28-15.15.33:388][  0]LogDerivedDataCache: Unable to find inner node CompressedPak for hierarchical cache Hierarchy.
[2016.03.28-15.15.33:706][  0]LogDerivedDataCache:Display: Pak cache opened for reading ../../../Engine/DerivedDataCache/Compressed.ddp.
[2016.03.28-15.15.33:740][  0]LogDerivedDataCache: Using Local data cache path C:/Users/Mac/AppData/Local/UnrealEngine/Common/DerivedDataCache: Writable
[2016.03.28-15.15.38:161][  0]LogInit: Selected Device Profile: [Windows]
[2016.03.28-15.15.38:163][  0]LogContentStreaming: Texture pool size is 0.000000MB
[2016.03.28-15.15.38:476][  0]LogMeshUtilities: No automatic mesh reduction module available
[2016.03.28-15.15.38:476][  0]LogMeshUtilities: No automatic mesh merging module available
[2016.03.28-15.15.41:439][  0]LogInit: WinSock: version 1.1 (2.2), MaxSocks=32767, MaxUdp=65467
[2016.03.28-15.15.50:937][  0]UdpMessaging: Initializing bridge on interface 0.0.0.0:0 to multicast group 230.0.0.1:6666.
[2016.03.28-15.15.51:760][  0]LogAssetRegistry: FAssetRegistry took 0.0102 seconds to start up
[2016.03.28-15.15.54:084][  0]SourceControl: Info Source control is disabled
[2016.03.28-15.15.56:400][  0]LogLinker:Warning: Asset '../../../Engine/Plugins/Runtime/LeapMotionController/Content/LM_PassthroughMaterial.uasset' has been saved with empty engine version. The asset will be loaded but may be incompatible.
[2016.03.28-15.15.57:590][  0]LogObj: 28361 objects as part of root set at end of initial load.
[2016.03.28-15.15.57:590][  0]LogUObjectAllocator: 6038864 out of 0 bytes used by permanent object pool.
[2016.03.28-15.15.58:255][  0]LogEngine: Initializing Engine...
[2016.03.28-15.15.58:270][  0]LogHMD: Can't find Oculus library dev build: is proper Runtime installed? Version: 0.7.0.0
[2016.03.28-15.15.58:381][  0]LogHMD: SteamVR failed to initialize.  Err: 110
[2016.03.28-15.15.59:308][  0]LogAIModule: Creating AISystem for world NewWorld
[2016.03.28-15.15.59:394][  0]LogInit: XAudio2 using 'Realtek HD Audio 2nd output (Realtek High Definition Audio)' : 2 channels at 48 kHz using 32 bits per sample (channel mask 0x3)
[2016.03.28-15.15.59:461][  0]LogInit: FAudioDevice initialized.
[2016.03.28-15.15.59:509][  0]LogDerivedDataCache: Saved boot cache 0.05s 36MB C:/Users/Mac/AppData/Local/UnrealEngine/4.9/DerivedDataCache/Boot.ddc.
[2016.03.28-15.15.59:528][  0]LogInit: Texture streaming: Enabled
[2016.03.28-15.15.59:589][  0]LogAnalytics: Creating configured Analytics provider AnalyticsET
[2016.03.28-15.15.59:589][  0]LogAnalytics: [UEEditor.Rocket.Release] APIServer = http://et2.epicgames.com/ET2/. AppVersion = 4.9.2-2707645+++depot+UE4-Releases+4.9
[2016.03.28-15.15.59:589][  0]LogAnalytics: [UEEditor.Rocket.Release] SetUserId c92e359e4c1a6c201633b6bcc7dbf1e7|36a6c868513f455193cc0da8c6059e86|33008512-3ab3-470e-834e-89fe18edf1db
[2016.03.28-15.15.59:590][  0]LogAnalytics: [UEEditor.Rocket.Release] AnalyticsET::StartSession
[2016.03.28-15.16.02:305][  0]LogInit: Transaction tracking system initialized
[2016.03.28-15.16.03:379][  0]BlueprintLog: New page: Editor Load
[2016.03.28-15.16.11:549][  0]LocalizationService: Info Localization service is disabled
[2016.03.28-15.16.13:571][  0]LogConsoleResponse:Display: 
[2016.03.28-15.16.18:255][  0]LogCook:Display: Done creating registry. It took  0.00s.
[2016.03.28-15.16.18:541][  0]LogFileCache: Scanning file cache for directory 'D:/program files/GitKrakenDir/PLANET_NOVA/Content/' took 0.03s
[2016.03.28-15.16.20:514][  0]Cmd: MAP LOAD FILE="../../../../../../GitKrakenDir/PLANET_NOVA/Content/ThirdPersonBP/Maps/ThirdPersonExampleMap.umap" TEMPLATE=0 SHOWPROGRESS=1 FEATURELEVEL=2
[2016.03.28-15.16.20:549][  0]LightingResults: New page: Lighting Build
[2016.03.28-15.16.21:611][  0]MapCheck: New page: Map Check
[2016.03.28-15.16.21:611][  0]LightingResults: New page: Lighting Build
[2016.03.28-15.16.22:416][  0]LogParticles: Destroying 0 GPU particle simulations for FXSystem 0x0000000020E43CE0
[2016.03.28-15.16.22:860][  0]LogLinker:Warning: Asset '../../../../../../GitKrakenDir/PLANET_NOVA/Content/Mannequin/Animations/ThirdPerson_AnimBP.uasset' has been saved with empty engine version. The asset will be loaded but may be incompatible.
[2016.03.28-15.16.22:984][  0]LogLinker:Warning: Asset '../../../../../../GitKrakenDir/PLANET_NOVA/Content/Mannequin/Animations/ThirdPerson_Jump.uasset' has been saved with empty engine version. The asset will be loaded but may be incompatible.
[2016.03.28-15.16.23:092][  0]LogLinker:Warning: Asset '../../../../../../GitKrakenDir/PLANET_NOVA/Content/Mannequin/Animations/ThirdPersonJump_Loop.uasset' has been saved with empty engine version. The asset will be loaded but may be incompatible.
[2016.03.28-15.16.23:109][  0]LogLinker:Warning: Asset '../../../../../../GitKrakenDir/PLANET_NOVA/Content/Mannequin/Animations/ThirdPersonJump_Start.uasset' has been saved with empty engine version. The asset will be loaded but may be incompatible.
[2016.03.28-15.16.23:166][  0]LogLinker:Warning: Asset '../../../../../../GitKrakenDir/PLANET_NOVA/Content/Mannequin/Animations/ThirdPerson_IdleRun_2D.uasset' has been saved with empty engine version. The asset will be loaded but may be incompatible.
[2016.03.28-15.16.23:189][  0]LogLinker:Warning: Asset '../../../../../../GitKrakenDir/PLANET_NOVA/Content/Mannequin/Animations/ThirdPersonIdle.uasset' has been saved with empty engine version. The asset will be loaded but may be incompatible.
[2016.03.28-15.16.23:231][  0]LogLinker:Warning: Asset '../../../../../../GitKrakenDir/PLANET_NOVA/Content/Mannequin/Animations/ThirdPersonRun.uasset' has been saved with empty engine version. The asset will be loaded but may be incompatible.
[2016.03.28-15.16.23:252][  0]LogLinker:Warning: Asset '../../../../../../GitKrakenDir/PLANET_NOVA/Content/Mannequin/Animations/ThirdPersonWalk.uasset' has been saved with empty engine version. The asset will be loaded but may be incompatible.
[2016.03.28-15.16.31:082][  0]LogAIModule: Creating AISystem for world ThirdPersonExampleMap
[2016.03.28-15.16.35:424][  0]LogEditorServer: Finished looking for orphan Actors (0.195 secs)
[2016.03.28-15.16.37:158][  0]Cmd: MAP CHECKDEP NOCLEARLOG
[2016.03.28-15.16.38:000][  0]MapCheck: Info Map check complete: 0 Error(s), 0 Warning(s), took 795.638ms to complete.
[2016.03.28-15.16.38:000][  0]LogFileHelpers: Loading map 'ThirdPersonExampleMap' took 17.509
[2016.03.28-15.16.48:444][  0]LogCollectionManager: Loaded 0 collections in 0.006261 seconds
[2016.03.28-15.16.48:564][  0]LogFileCache: Scanning file cache for directory 'D:/program files/GitKrakenDir/PLANET_NOVA/Saved/Collections/' took 0.01s
[2016.03.28-15.16.48:564][  0]LogFileCache: Scanning file cache for directory 'D:/program files/GitKrakenDir/PLANET_NOVA/Content/Developers/Mac/Collections/' took 0.01s
[2016.03.28-15.16.48:564][  0]LogFileCache: Scanning file cache for directory 'D:/program files/GitKrakenDir/PLANET_NOVA/Content/Collections/' took 0.01s
[2016.03.28-15.16.48:564][  0]LogContentBrowser: Native class hierarchy populated in 0.0404 seconds. Added 1867 classes and 333 folders.
[2016.03.28-15.16.49:555][  0]LogCollectionManager: Rebuilt the GUID cache for 0 collections in 0.000018 seconds
[2016.03.28-15.16.49:783][  0]LogContentBrowser: Native class hierarchy updated for 'WidgetCarousel' in 0.0008 seconds. Added 0 classes and 0 folders.
[2016.03.28-15.16.54:089][  0]LogContentBrowser: Native class hierarchy updated for 'AddContentDialog' in 0.0009 seconds. Added 0 classes and 0 folders.
[2016.03.28-15.16.54:308][  0]LogContentBrowser: Native class hierarchy updated for 'SceneOutliner' in 0.0007 seconds. Added 1 classes and 2 folders.
[2016.03.28-15.16.56:045][  0]LogCrashTracker: Crashtracker disabled due to settings.
[2016.03.28-15.16.56:202][  0]LogUObjectGlobals:Warning: Failed to find object 'Class None.'
[2016.03.28-15.16.56:272][  0]LogLoad: Full Startup: 106.82 seconds (BP compile: 1.04 seconds)
[2016.03.28-15.16.57:425][  0]LogContentStreaming: Texture pool size now 200 MB
[2016.03.28-15.16.58:239][  0]LogRenderer: Reallocating scene render targets to support 860x512 (Frame:2).
[2016.03.28-15.16.59:864][  9]LogAssetRegistry: Asset discovery search completed in 68.2454 seconds
[2016.03.28-15.16.59:864][  9]LogCollectionManager: Rebuilt the object cache for 0 collections in 0.000001 seconds (found 0 objects)
[2016.03.28-15.16.59:864][  9]LogCollectionManager: Fixed up redirectors for 0 collections in 0.000095 seconds (updated 0 objects)
[2016.03.28-15.17.34:241][494]Cmd: QUIT_EDITOR
[2016.03.28-15.17.34:999][494]LogExit: Preparing to exit.
[2016.03.28-15.17.36:423][494]LogExit: Editor shut down
[2016.03.28-15.17.36:423][494]LogExit: Transaction tracking system shut down
[2016.03.28-15.17.36:922][494]LogParticles: Destroying 0 GPU particle simulations for FXSystem 0x00000000243DD6C0
[2016.03.28-15.17.38:835][494]LogParticles: Destroying 0 GPU particle simulations for FXSystem 0x0000000025C99260
[2016.03.28-15.17.38:835][494]LogExit: Object subsystem successfully closed.
[2016.03.28-15.17.39:604][494]LogD3D11RHI: Shutdown
[2016.03.28-15.17.39:604][494]LogD3D11RHI: CleanupD3DDevice
[2016.03.28-15.17.39:798][494]LogD3D11RHI: ~FD3D11DynamicRHI
[2016.03.28-15.17.40:290][494]LogModuleManager: Shutting down and abandoning module CrashTracker (197)
[2016.03.28-15.17.40:290][494]LogModuleManager: Shutting down and abandoning module SceneOutliner (196)
[2016.03.28-15.17.40:291][494]LogModuleManager: Shutting down and abandoning module SuperSearch (195)
[2016.03.28-15.17.40:291][494]LogModuleManager: Shutting down and abandoning module WidgetCarousel (194)
[2016.03.28-15.17.40:291][494]LogModuleManager: Shutting down and abandoning module AddContentDialog (193)
[2016.03.28-15.17.40:339][494]LogModuleManager: Shutting down and abandoning module EditorWidgets (192)
[2016.03.28-15.17.40:339][494]LogModuleManager: Shutting down and abandoning module CollectionManager (191)
[2016.03.28-15.17.40:340][494]LogModuleManager: Shutting down and abandoning module StatsViewer (190)
[2016.03.28-15.17.40:454][494]LogModuleManager: Shutting down and abandoning module FoliageEdit (189)
[2016.03.28-15.17.40:454][494]LogModuleManager: Shutting down and abandoning module LandscapeEditor (188)
[2016.03.28-15.17.40:561][494]LogModuleManager: Shutting down and abandoning module ActorPickerMode (187)
[2016.03.28-15.17.40:561][494]LogModuleManager: Shutting down and abandoning module GeometryMode (186)
[2016.03.28-15.17.40:561][494]LogModuleManager: Shutting down and abandoning module TextureAlignMode (185)
[2016.03.28-15.17.40:561][494]LogModuleManager: Shutting down and abandoning module BspMode (184)
[2016.03.28-15.17.40:561][494]LogModuleManager: Shutting down and abandoning module PlacementMode (183)
[2016.03.28-15.17.40:561][494]LogModuleManager: Shutting down and abandoning module AutomationWorker (182)
[2016.03.28-15.17.40:561][494]LogModuleManager: Shutting down and abandoning module CharacterAI (181)
[2016.03.28-15.17.40:561][494]LogModuleManager: Shutting down and abandoning module SmartSnapping (180)
[2016.03.28-15.17.40:561][494]LogModuleManager: Shutting down and abandoning module ViewportSnapping (179)
[2016.03.28-15.17.40:561][494]LogModuleManager: Shutting down and abandoning module LogVisualizer (178)
[2016.03.28-15.17.40:943][494]LogModuleManager: Shutting down and abandoning module GameProjectGeneration (177)
[2016.03.28-15.17.41:056][494]LogModuleManager: Shutting down and abandoning module IntroTutorials (176)
[2016.03.28-15.17.41:056][494]LogModuleManager: Shutting down and abandoning module EditorLiveStreaming (175)
[2016.03.28-15.17.41:056][494]LogModuleManager: Shutting down and abandoning module IOSPlatformEditor (174)
[2016.03.28-15.17.41:056][494]LogModuleManager: Shutting down and abandoning module HTML5PlatformEditor (173)
[2016.03.28-15.17.41:056][494]LogModuleManager: Shutting down and abandoning module AndroidDeviceDetection (172)
[2016.03.28-15.17.41:386][494]LogModuleManager: Shutting down and abandoning module AndroidPlatformEditor (171)
[2016.03.28-15.17.41:386][494]LogModuleManager: Shutting down and abandoning module IOSRuntimeSettings (170)
[2016.03.28-15.17.41:386][494]LogModuleManager: Shutting down and abandoning module AndroidRuntimeSettings (169)
[2016.03.28-15.17.41:386][494]LogModuleManager: Shutting down and abandoning module MergeActors (168)
[2016.03.28-15.17.41:386][494]LogModuleManager: Shutting down and abandoning module SizeMap (167)
[2016.03.28-15.17.41:386][494]LogModuleManager: Shutting down and abandoning module TreeMap (166)
[2016.03.28-15.17.41:386][494]LogModuleManager: Shutting down and abandoning module ReferenceViewer (165)
[2016.03.28-15.17.41:386][494]LogModuleManager: Shutting down and abandoning module LocalizationService (164)
[2016.03.28-15.17.41:386][494]LogModuleManager: Shutting down and abandoning module LocalizationDashboard (163)
[2016.03.28-15.17.41:386][494]LogModuleManager: Shutting down and abandoning module HardwareTargeting (162)
[2016.03.28-15.17.41:386][494]LogModuleManager: Shutting down and abandoning module DeviceProfileEditor (161)
[2016.03.28-15.17.41:386][494]LogModuleManager: Shutting down and abandoning module UndoHistory (160)
[2016.03.28-15.17.41:386][494]LogModuleManager: Shutting down and abandoning module GameplayTagsEditor (159)
[2016.03.28-15.17.41:386][494]LogModuleManager: Shutting down and abandoning module UserFeedback (158)
[2016.03.28-15.17.41:386][494]LogModuleManager: Shutting down and abandoning module XmlParser (157)
[2016.03.28-15.17.41:386][494]LogModuleManager: Shutting down and abandoning module Blutility (156)
[2016.03.28-15.17.41:386][494]LogModuleManager: Shutting down and abandoning module ProjectTargetPlatformEditor (155)
[2016.03.28-15.17.41:387][494]LogModuleManager: Shutting down and abandoning module ProjectSettingsViewer (154)
[2016.03.28-15.17.41:387][494]LogModuleManager: Shutting down and abandoning module InputBindingEditor (153)
[2016.03.28-15.17.41:387][494]LogModuleManager: Shutting down and abandoning module EditorSettingsViewer (152)
[2016.03.28-15.17.41:387][494]LogModuleManager: Shutting down and abandoning module SettingsEditor (151)
[2016.03.28-15.17.41:387][494]LogModuleManager: Shutting down and abandoning module ProjectLauncher (150)
[2016.03.28-15.17.41:387][494]LogModuleManager: Shutting down and abandoning module SessionFrontend (149)
[2016.03.28-15.17.41:387][494]LogModuleManager: Shutting down and abandoning module ProfilerClient (148)
[2016.03.28-15.17.41:387][494]LogModuleManager: Shutting down and abandoning module TargetDeviceServices (147)
[2016.03.28-15.17.41:387][494]LogModuleManager: Shutting down and abandoning module DeviceManager (146)
[2016.03.28-15.17.41:387][494]LogModuleManager: Shutting down and abandoning module AutomationController (145)
[2016.03.28-15.17.41:387][494]LogModuleManager: Shutting down and abandoning module AutomationWindow (144)
[2016.03.28-15.17.41:387][494]LogModuleManager: Shutting down and abandoning module Layers (143)
[2016.03.28-15.17.41:387][494]LogModuleManager: Shutting down and abandoning module ComponentVisualizers (142)
[2016.03.28-15.17.41:387][494]LogModuleManager: Shutting down and abandoning module DetailCustomizations (141)
[2016.03.28-15.17.41:427][494]LogModuleManager: Shutting down and abandoning module PackagesDialog (140)
[2016.03.28-15.17.41:427][494]LogModuleManager: Shutting down and abandoning module Persona (139)
[2016.03.28-15.17.41:427][494]LogModuleManager: Shutting down and abandoning module Kismet (138)
[2016.03.28-15.17.41:465][494]LogModuleManager: Shutting down and abandoning module GraphEditor (137)
[2016.03.28-15.17.41:508][494]LogModuleManager: Shutting down and abandoning module ClassViewer (136)
[2016.03.28-15.17.41:520][494]LogModuleManager: Shutting down and abandoning module Toolbox (135)
[2016.03.28-15.17.41:520][494]LogModuleManager: Shutting down and abandoning module ModuleUI (134)
[2016.03.28-15.17.41:520][494]LogModuleManager: Shutting down and abandoning module MovieSceneTools (133)
[2016.03.28-15.17.41:525][494]LogModuleManager: Shutting down and abandoning module OutputLog (132)
[2016.03.28-15.17.41:526][494]LogModuleManager: Shutting down and abandoning module GammaUI (131)
[2016.03.28-15.17.41:526][494]LogModuleManager: Shutting down and abandoning module Documentation (130)
[2016.03.28-15.17.41:526][494]LogModuleManager: Shutting down and abandoning module GameLiveStreaming (129)
[2016.03.28-15.17.41:526][494]LogModuleManager: Shutting down and abandoning module StreamingPauseRendering (128)
[2016.03.28-15.17.41:526][494]LogModuleManager: Shutting down and abandoning module AnalyticsET (127)
[2016.03.28-15.17.41:526][494]LogModuleManager: Shutting down and abandoning module Analytics (126)
[2016.03.28-15.17.41:526][494]LogModuleManager: Shutting down and abandoning module AITestSuite (125)
[2016.03.28-15.17.41:526][494]LogModuleManager: Shutting down and abandoning module GameplayDebugger (124)
[2016.03.28-15.17.41:526][494]LogModuleManager: Shutting down and abandoning module AIModule (123)
[2016.03.28-15.17.41:551][494]LogModuleManager: Shutting down and abandoning module ProfilerService (122)
[2016.03.28-15.17.41:600][494]LogModuleManager: Shutting down and abandoning module TaskGraph (121)
[2016.03.28-15.17.41:600][494]LogModuleManager: Shutting down and abandoning module SlateRemote (120)
[2016.03.28-15.17.41:600][494]LogModuleManager: Shutting down and abandoning module SteamVRController (119)
[2016.03.28-15.17.41:600][494]LogModuleManager: Shutting down and abandoning module SteamVR (118)
[2016.03.28-15.17.41:600][494]LogModuleManager: Shutting down and abandoning module ProceduralMeshComponent (117)
[2016.03.28-15.17.41:600][494]LogModuleManager: Shutting down and abandoning module OculusRift (116)
[2016.03.28-15.17.41:600][494]LogModuleManager: Shutting down and abandoning module OculusLibrary (115)
[2016.03.28-15.17.41:600][494]LogModuleManager: Shutting down and abandoning module LeapMotionController (114)
[2016.03.28-15.17.41:616][494]LogModuleManager: Shutting down and abandoning module CustomMeshComponent (113)
[2016.03.28-15.17.41:616][494]LogModuleManager: Shutting down and abandoning module CableComponent (112)
[2016.03.28-15.17.41:616][494]LogModuleManager: Shutting down and abandoning module ArchVisCharacter (111)
[2016.03.28-15.17.41:616][494]LogModuleManager: Shutting down and abandoning module MessagingDebugger (110)
[2016.03.28-15.17.41:617][494]LogModuleManager: Shutting down and abandoning module MediaPlayerEditor (109)
[2016.03.28-15.17.41:617][494]LogModuleManager: Shutting down and abandoning module HTML5Networking (108)
[2016.03.28-15.17.41:617][494]LogModuleManager: Shutting down and abandoning module SpeedTreeImporter (107)
[2016.03.28-15.17.41:617][494]LogModuleManager: Shutting down and abandoning module PluginBrowser (106)
[2016.03.28-15.17.41:617][494]LogModuleManager: Shutting down and abandoning module EpicSurvey (105)
[2016.03.28-15.17.41:617][494]LogModuleManager: Shutting down and abandoning module DesktopPlatform (104)
[2016.03.28-15.17.41:639][494]LogModuleManager: Shutting down and abandoning module VisualStudioSourceCodeAccess (103)
[2016.03.28-15.17.41:639][494]LogModuleManager: Shutting down and abandoning module UObjectPlugin (102)
[2016.03.28-15.17.41:639][494]LogModuleManager: Shutting down and abandoning module SubversionSourceControl (101)
[2016.03.28-15.17.41:639][494]LogModuleManager: Shutting down and abandoning module PerforceSourceControl (100)
[2016.03.28-15.17.41:639][494]LogModuleManager: Shutting down and abandoning module SourceControl (99)
[2016.03.28-15.17.41:646][494]LogModuleManager: Shutting down and abandoning module GitSourceControl (98)
[2016.03.28-15.17.41:646][494]LogModuleManager: Shutting down and abandoning module LightPropagationVolumeEditor (97)
[2016.03.28-15.17.41:646][494]LogModuleManager: Shutting down and abandoning module PaperTiledImporter (96)
[2016.03.28-15.17.41:646][494]LogModuleManager: Shutting down and abandoning module PaperSpriteSheetImporter (95)
[2016.03.28-15.17.41:646][494]LogModuleManager: Shutting down and abandoning module MeshPaint (94)
[2016.03.28-15.17.41:646][494]LogModuleManager: Shutting down and abandoning module SlateReflector (93)
[2016.03.28-15.17.41:646][494]LogModuleManager: Shutting down and abandoning module HotReload (92)
[2016.03.28-15.17.41:647][494]LogModuleManager: Shutting down and abandoning module MainFrame (91)
[2016.03.28-15.17.41:647][494]LogModuleManager: Shutting down and abandoning module LevelEditor (90)
[2016.03.28-15.17.41:648][494]LogModuleManager: Shutting down and abandoning module DirectoryWatcher (89)
[2016.03.28-15.17.41:652][494]LogModuleManager: Shutting down and abandoning module AssetRegistry (88)
[2016.03.28-15.17.41:847][494]LogModuleManager: Shutting down and abandoning module ContentBrowser (87)
[2016.03.28-15.17.41:857][494]LogModuleManager: Shutting down and abandoning module Paper2DEditor (86)
[2016.03.28-15.17.41:857][494]LogModuleManager: Shutting down and abandoning module UdpMessaging (85)
[2016.03.28-15.17.41:974][494]LogModuleManager: Shutting down and abandoning module LightPropagationVolumeRuntime (84)
[2016.03.28-15.17.41:974][494]LogModuleManager: Shutting down and abandoning module Paper2D (83)
[2016.03.28-15.17.41:974][494]LogModuleManager: Shutting down and abandoning module WindowsMoviePlayer (82)
[2016.03.28-15.17.41:982][494]LogModuleManager: Shutting down and abandoning module Media (81)
[2016.03.28-15.17.41:982][494]LogModuleManager: Shutting down and abandoning module WmfMedia (80)
[2016.03.28-15.17.41:983][494]LogModuleManager: Shutting down and abandoning module OnlineBlueprintSupport (79)
[2016.03.28-15.17.41:983][494]LogModuleManager: Shutting down and abandoning module GameplayTasksEditor (78)
[2016.03.28-15.17.41:983][494]LogModuleManager: Shutting down and abandoning module PropertyEditor (77)
[2016.03.28-15.17.42:011][494]LogModuleManager: Shutting down and abandoning module BehaviorTreeEditor (76)
[2016.03.28-15.17.42:011][494]LogModuleManager: Shutting down and abandoning module FunctionalTesting (75)
[2016.03.28-15.17.42:011][494]LogModuleManager: Shutting down and abandoning module CollisionAnalyzer (74)
[2016.03.28-15.17.42:012][494]LogModuleManager: Shutting down and abandoning module WorkspaceMenuStructure (73)
[2016.03.28-15.17.42:012][494]LogModuleManager: Shutting down and abandoning module MessageLog (72)
[2016.03.28-15.17.42:012][494]LogModuleManager: Shutting down and abandoning module Sequencer (71)
[2016.03.28-15.17.42:037][494]LogModuleManager: Shutting down and abandoning module AssetTools (70)
[2016.03.28-15.17.42:038][494]LogModuleManager: Shutting down and abandoning module UMGEditor (69)
[2016.03.28-15.17.42:058][494]LogModuleManager: Shutting down and abandoning module UMG (68)
[2016.03.28-15.17.42:070][494]LogModuleManager: Shutting down and abandoning module Slate (67)
[2016.03.28-15.17.42:070][494]LogModuleManager: Shutting down and abandoning module EditorStyle (66)
[2016.03.28-15.17.42:074][494]LogModuleManager: Shutting down and abandoning module SessionServices (65)
[2016.03.28-15.17.42:074][494]LogModuleManager: Shutting down and abandoning module SourceCodeAccess (64)
[2016.03.28-15.17.42:074][494]LogModuleManager: Shutting down and abandoning module HeadMountedDisplay (63)
[2016.03.28-15.17.42:074][494]LogModuleManager: Shutting down and abandoning module XAudio2 (62)
[2016.03.28-15.17.42:074][494]LogModuleManager: Shutting down and abandoning module Networking (60)
[2016.03.28-15.17.42:074][494]LogModuleManager: Shutting down and abandoning module Core (59)
[2016.03.28-15.17.42:074][494]LogModuleManager: Shutting down and abandoning module KismetCompiler (58)
[2016.03.28-15.17.42:074][494]LogModuleManager: Shutting down and abandoning module PhysXFormats (57)
[2016.03.28-15.17.42:099][494]LogModuleManager: Shutting down and abandoning module MeshUtilities (56)
[2016.03.28-15.17.42:130][494]LogModuleManager: Shutting down and abandoning module CookingStats (55)
[2016.03.28-15.17.42:132][494]LogModuleManager: Shutting down and abandoning module DerivedDataCache (54)
[2016.03.28-15.17.42:190][494]LogDerivedDataCache: Shutdown
[2016.03.28-15.17.42:190][494]LogModuleManager: Shutting down and abandoning module ShaderFormatOpenGL (53)
[2016.03.28-15.17.42:218][494]LogModuleManager: Shutting down and abandoning module ShaderFormatD3D (52)
[2016.03.28-15.17.42:248][494]LogModuleManager: Shutting down and abandoning module MetalShaderFormat (51)
[2016.03.28-15.17.42:261][494]LogModuleManager: Shutting down and abandoning module TextureFormatUncompressed (50)
[2016.03.28-15.17.42:261][494]LogModuleManager: Shutting down and abandoning module TextureFormatPVR (49)
[2016.03.28-15.17.42:296][494]LogModuleManager: Shutting down and abandoning module TextureFormatIntelISPCTexComp (48)
[2016.03.28-15.17.42:358][494]LogModuleManager: Shutting down and abandoning module TextureFormatDXT (47)
[2016.03.28-15.17.42:365][494]LogModuleManager: Shutting down and abandoning module ImageWrapper (46)
[2016.03.28-15.17.42:365][494]LogModuleManager: Shutting down and abandoning module TextureFormatASTC (45)
[2016.03.28-15.17.42:365][494]LogModuleManager: Shutting down and abandoning module TextureFormatAndroid (44)
[2016.03.28-15.17.42:365][494]LogModuleManager: Shutting down and abandoning module AudioFormatOpus (43)
[2016.03.28-15.17.42:402][494]LogModuleManager: Shutting down and abandoning module AudioFormatOgg (42)
[2016.03.28-15.17.42:413][494]LogModuleManager: Shutting down and abandoning module AudioFormatADPCM (41)
[2016.03.28-15.17.42:444][494]LogModuleManager: Shutting down and abandoning module LinuxTargetPlatform (40)
[2016.03.28-15.17.42:444][494]LogModuleManager: Shutting down and abandoning module LinuxServerTargetPlatform (39)
[2016.03.28-15.17.42:457][494]LogModuleManager: Shutting down and abandoning module LinuxNoEditorTargetPlatform (38)
[2016.03.28-15.17.42:468][494]LogModuleManager: Shutting down and abandoning module Messaging (37)
[2016.03.28-15.17.42:468][494]LogModuleManager: Shutting down and abandoning module IOSTargetPlatform (36)
[2016.03.28-15.17.42:468][494]LogModuleManager: Shutting down and abandoning module HTML5TargetPlatform (35)
[2016.03.28-15.17.42:468][494]LogModuleManager: Shutting down and abandoning module Android_PVRTCTargetPlatform (34)
[2016.03.28-15.17.42:478][494]LogModuleManager: Shutting down and abandoning module Android_ETC2TargetPlatform (33)
[2016.03.28-15.17.42:507][494]LogModuleManager: Shutting down and abandoning module Android_ETC1TargetPlatform (32)
[2016.03.28-15.17.42:529][494]LogModuleManager: Shutting down and abandoning module Android_DXTTargetPlatform (31)
[2016.03.28-15.17.42:535][494]LogModuleManager: Shutting down and abandoning module Android_ATCTargetPlatform (30)
[2016.03.28-15.17.42:567][494]LogModuleManager: Shutting down and abandoning module Android_ASTCTargetPlatform (29)
[2016.03.28-15.17.42:572][494]LogModuleManager: Shutting down and abandoning module AndroidTargetPlatform (28)
[2016.03.28-15.17.42:592][494]LogModuleManager: Shutting down and abandoning module WindowsTargetPlatform (27)
[2016.03.28-15.17.42:592][494]LogModuleManager: Shutting down and abandoning module WindowsServerTargetPlatform (26)
[2016.03.28-15.17.42:618][494]LogModuleManager: Shutting down and abandoning module WindowsNoEditorTargetPlatform (25)
[2016.03.28-15.17.42:663][494]LogModuleManager: Shutting down and abandoning module WindowsClientTargetPlatform (24)
[2016.03.28-15.17.42:737][494]LogModuleManager: Shutting down and abandoning module AllDesktopTargetPlatform (23)
[2016.03.28-15.17.42:779][494]LogModuleManager: Shutting down and abandoning module TargetPlatform (22)
[2016.03.28-15.17.42:779][494]LogModuleManager: Shutting down and abandoning module InputCore (21)
[2016.03.28-15.17.42:779][494]LogModuleManager: Shutting down and abandoning module Settings (20)
[2016.03.28-15.17.42:779][494]LogModuleManager: Shutting down and abandoning module OnlineSubsystem (18)
[2016.03.28-15.17.42:779][494]LogModuleManager: Shutting down and abandoning module HTTP (17)
[2016.03.28-15.17.44:779][494]LogModuleManager: Shutting down and abandoning module XMPP (16)
[2016.03.28-15.17.44:809][494]LogModuleManager: Shutting down and abandoning module ExampleDeviceProfileSelector (15)
[2016.03.28-15.17.44:809][494]LogModuleManager: Shutting down and abandoning module TextureCompressor (14)
[2016.03.28-15.17.44:821][494]LogModuleManager: Shutting down and abandoning module ShaderCore (13)
[2016.03.28-15.17.44:821][494]LogModuleManager: Shutting down and abandoning module Landscape (12)
[2016.03.28-15.17.44:821][494]LogModuleManager: Shutting down and abandoning module SlateRHIRenderer (11)
[2016.03.28-15.17.44:824][494]LogModuleManager: Shutting down and abandoning module OpenGLDrv (10)
[2016.03.28-15.17.44:833][494]LogModuleManager: Shutting down and abandoning module D3D11RHI (9)
[2016.03.28-15.17.44:833][494]LogModuleManager: Shutting down and abandoning module AnimGraphRuntime (8)
[2016.03.28-15.17.44:842][494]LogModuleManager: Shutting down and abandoning module Renderer (7)
[2016.03.28-15.17.44:842][494]LogModuleManager: Shutting down and abandoning module Engine (6)
[2016.03.28-15.17.44:842][494]LogModuleManager: Shutting down and abandoning module CoreUObject (5)
[2016.03.28-15.17.44:842][494]LogModuleManager: Shutting down and abandoning module NetworkFile (4)
[2016.03.28-15.17.44:849][494]LogModuleManager: Shutting down and abandoning module StreamingFile (3)
[2016.03.28-15.17.44:856][494]LogModuleManager: Shutting down and abandoning module SandboxFile (2)
[2016.03.28-15.17.44:865][494]LogModuleManager: Shutting down and abandoning module PakFile (1)
[2016.03.28-15.17.44:876][494]LogExit: Exiting.
[2016.03.28-15.17.44:889][494]Log file closed, 03/28/16 16:17:44
