[2016.03.27-00.39.36:263][  0]Log file open, 03/27/16 00:39:36
[2016.03.27-00.39.36:263][  0]LogInit:Display: Running engine for game: Planet_Nova
[2016.03.27-00.39.36:263][  0]LogInit:Display: RandInit(-134539845) SRandInit(-134539845).
[2016.03.27-00.39.36:263][  0]LogTaskGraph: Started task graph with 4 named threads and 5 total threads.
[2016.03.27-00.39.36:263][  0]LogStats: Stats thread started at 0.088491
[2016.03.27-00.39.36:263][  0]LogInit: Version: 4.9.2-2707645+++depot+UE4-Releases+4.9
[2016.03.27-00.39.36:263][  0]LogInit: API Version: 2672455
[2016.03.27-00.39.36:263][  0]LogInit: Compiled (64-bit): Sep 28 2015 10:25:44
[2016.03.27-00.39.36:263][  0]LogInit: Compiled with Visual C++: 18.00.21005.01
[2016.03.27-00.39.36:263][  0]LogInit: Build Configuration: Development
[2016.03.27-00.39.36:263][  0]LogInit: Branch Name: ++depot+UE4-Releases+4.9
[2016.03.27-00.39.36:263][  0]LogInit: Command line: -EpicPortal 
[2016.03.27-00.39.36:263][  0]LogInit: Base directory: C:/Program Files (x86)/Epic Games/4.9/Engine/Binaries/Win64/
[2016.03.27-00.39.36:263][  0]LogInit: Rocket: 1
[2016.03.27-00.39.36:278][  0]LogInit: Using libcurl 7.41.0
[2016.03.27-00.39.36:278][  0]LogInit:  - built for x86_64-pc-win32
[2016.03.27-00.39.36:278][  0]LogInit:  - supports SSL with WinSSL
[2016.03.27-00.39.36:278][  0]LogInit:  - other features:
[2016.03.27-00.39.36:278][  0]LogInit:      CURL_VERSION_SSL
[2016.03.27-00.39.36:278][  0]LogInit:      CURL_VERSION_IPV6
[2016.03.27-00.39.36:278][  0]LogInit:      CURL_VERSION_ASYNCHDNS
[2016.03.27-00.39.36:278][  0]LogInit:      CURL_VERSION_LARGEFILE
[2016.03.27-00.39.36:279][  0]LogInit:      CURL_VERSION_IDN
[2016.03.27-00.39.36:279][  0]LogInit:  CurlRequestOptions (configurable via config and command line):
[2016.03.27-00.39.36:279][  0]LogInit:  - bVerifyPeer = true  - Libcurl will verify peer certificate
[2016.03.27-00.39.36:279][  0]LogInit:  - bUseHttpProxy = false  - Libcurl will NOT use HTTP proxy
[2016.03.27-00.39.36:279][  0]LogInit:  - bDontReuseConnections = false  - Libcurl will reuse connections
[2016.03.27-00.39.36:279][  0]LogInit:  - CertBundlePath = nullptr  - Libcurl will use whatever was configured at build time.
[2016.03.27-00.39.36:290][  0]LogInit: Presizing for 0 objects not considered by GC, pre-allocating 0 bytes.
[2016.03.27-00.39.36:298][  0]LogInit: Object subsystem initialized
[2016.03.27-00.39.36:300][  0]LogInit: Selected Device Profile: [Windows]
[2016.03.27-00.39.36:300][  0]LogInit: Applying CVar settings loaded from the selected device profile: [Windows]
[2016.03.27-00.39.36:311][  0]LogInit: Computer: DESKTOP-V8L8U99
[2016.03.27-00.39.36:311][  0]LogInit: User: User
[2016.03.27-00.39.36:311][  0]LogInit: CPU Page size=4096, Cores=2
[2016.03.27-00.39.36:311][  0]LogInit: High frequency timer resolution =2.341716 MHz
[2016.03.27-00.39.36:311][  0]LogMemory: Memory total: Physical=7.9GB (8GB approx)
[2016.03.27-00.39.36:311][  0]LogMemory: Platform Memory Stats for Windows
[2016.03.27-00.39.36:311][  0]LogMemory: Process Physical Memory: 53.32 MB used, 53.32 MB peak
[2016.03.27-00.39.36:311][  0]LogMemory: Process Virtual Memory: 57.05 MB used, 57.05 MB peak
[2016.03.27-00.39.36:311][  0]LogMemory: Physical Memory: 4006.88 MB used, 8109.70 MB total
[2016.03.27-00.39.36:311][  0]LogMemory: Virtual Memory: 369.31 MB used, 134217728.00 MB total
[2016.03.27-00.39.36:356][  0]LogTextLocalizationManager: No specific translations for ('en-GB') exist, so ('en') translations will be used.
[2016.03.27-00.39.37:319][  0]LogD3D11RHI: Found D3D11 adapter 0: NVIDIA GeForce GTX 860M     (Feature Level 11_0)
[2016.03.27-00.39.37:319][  0]LogD3D11RHI: Adapter has 1995MB of dedicated video memory, 0MB of dedicated system memory, and 4054MB of shared system memory, 1 output[s]
[2016.03.27-00.39.37:326][  0]LogD3D11RHI: Found D3D11 adapter 1: Intel(R) HD Graphics Family (Feature Level 11_0)
[2016.03.27-00.39.37:326][  0]LogD3D11RHI: Adapter has 112MB of dedicated video memory, 0MB of dedicated system memory, and 4054MB of shared system memory, 0 output[s]
[2016.03.27-00.39.37:329][  0]LogD3D11RHI: Found D3D11 adapter 2: Microsoft Basic Render Driver (Feature Level 11_0)
[2016.03.27-00.39.37:329][  0]LogD3D11RHI: Adapter has 0MB of dedicated video memory, 0MB of dedicated system memory, and 4054MB of shared system memory, 0 output[s]
[2016.03.27-00.39.37:329][  0]LogD3D11RHI: Chosen D3D11 Adapter Id = 0
[2016.03.27-00.39.37:334][  0]LogD3D11RHI: !Direct3DDevice
[2016.03.27-00.39.37:334][  0]LogRHI: Texture pool is 1361 MB (70% of 1945 MB)
[2016.03.27-00.39.37:353][  0]LogD3D11RHI: Async texture creation enabled
[2016.03.27-00.39.37:367][  0]LogShaderCompilers: Guid format shader working directory is 15 characters bigger than the processId version (../../../../../../Users/User/Documents/Unreal Projects/PlanetNova/Planet_Nova/Intermediate/Shaders/WorkingDirectory/9692/).
[2016.03.27-00.39.37:367][  0]LogShaderCompilers: Cleaned the shader compiler working directory '../../../../../../Users/User/Documents/Unreal Projects/PlanetNova/Planet_Nova/Intermediate/Shaders/tmp/961D9F224FB8FB832C6234801B134562/'.
[2016.03.27-00.39.37:367][  0]LogShaderCompilers:Display: Using Local Shader Compiler.
[2016.03.27-00.39.39:238][  0]LogTemp:Display: Loaded TP AllDesktopTargetPlatform
[2016.03.27-00.39.39:247][  0]LogTemp:Display: Loaded TP WindowsClientTargetPlatform
[2016.03.27-00.39.39:256][  0]LogTemp:Display: Loaded TP WindowsNoEditorTargetPlatform
[2016.03.27-00.39.39:265][  0]LogTemp:Display: Loaded TP WindowsServerTargetPlatform
[2016.03.27-00.39.39:273][  0]LogTemp:Display: Loaded TP WindowsTargetPlatform
[2016.03.27-00.39.39:280][  0]LogTemp:Display: Loaded TP AndroidTargetPlatform
[2016.03.27-00.39.39:286][  0]LogTemp:Display: Loaded TP Android_ASTCTargetPlatform
[2016.03.27-00.39.39:293][  0]LogTemp:Display: Loaded TP Android_ATCTargetPlatform
[2016.03.27-00.39.39:302][  0]LogTemp:Display: Loaded TP Android_DXTTargetPlatform
[2016.03.27-00.39.39:312][  0]LogTemp:Display: Loaded TP Android_ETC1TargetPlatform
[2016.03.27-00.39.39:322][  0]LogTemp:Display: Loaded TP Android_ETC2TargetPlatform
[2016.03.27-00.39.39:330][  0]LogTemp:Display: Loaded TP Android_PVRTCTargetPlatform
[2016.03.27-00.39.39:332][  0]LogTemp:Display: Loaded TP HTML5TargetPlatform
[2016.03.27-00.39.39:357][  0]LogTemp:Display: Loaded TP IOSTargetPlatform
[2016.03.27-00.39.39:366][  0]LogTemp:Display: Loaded TP LinuxNoEditorTargetPlatform
[2016.03.27-00.39.39:373][  0]LogTemp:Display: Loaded TP LinuxServerTargetPlatform
[2016.03.27-00.39.39:383][  0]LogTemp:Display: Loaded TP LinuxTargetPlatform
[2016.03.27-00.39.39:383][  0]LogTargetPlatformManager:Display: Building Assets For Windows
[2016.03.27-00.39.39:591][  0]LogDerivedDataCache:Display: Max Cache Size: 512 MB
[2016.03.27-00.39.39:654][  0]LogDerivedDataCache: Loaded boot cache 0.06s 41MB C:/Users/User/AppData/Local/UnrealEngine/4.9/DerivedDataCache/Boot.ddc.
[2016.03.27-00.39.39:654][  0]LogDerivedDataCache:Display: Loaded Boot cache: C:/Users/User/AppData/Local/UnrealEngine/4.9/DerivedDataCache/Boot.ddc
[2016.03.27-00.39.39:654][  0]LogDerivedDataCache: FDerivedDataBackendGraph:  Pak pak cache file ../../../../../../Users/User/Documents/Unreal Projects/PlanetNova/Planet_Nova/DerivedDataCache/DDC.ddp not found, will not use a pak cache.
[2016.03.27-00.39.39:654][  0]LogDerivedDataCache: Unable to find inner node Pak for hierarchical cache Hierarchy.
[2016.03.27-00.39.39:654][  0]LogDerivedDataCache: FDerivedDataBackendGraph:  CompressedPak pak cache file ../../../../../../Users/User/Documents/Unreal Projects/PlanetNova/Planet_Nova/DerivedDataCache/Compressed.ddp not found, will not use a pak cache.
[2016.03.27-00.39.39:654][  0]LogDerivedDataCache: Unable to find inner node CompressedPak for hierarchical cache Hierarchy.
[2016.03.27-00.39.39:986][  0]LogDerivedDataCache:Display: Pak cache opened for reading ../../../Engine/DerivedDataCache/Compressed.ddp.
[2016.03.27-00.39.39:998][  0]LogDerivedDataCache: Using Local data cache path C:/Users/User/AppData/Local/UnrealEngine/Common/DerivedDataCache: Writable
[2016.03.27-00.39.40:419][  0]LogInit: Selected Device Profile: [Windows]
[2016.03.27-00.39.40:422][  0]LogContentStreaming: Texture pool size is 0.000000MB
[2016.03.27-00.39.40:602][  0]LogMeshUtilities: No automatic mesh reduction module available
[2016.03.27-00.39.40:602][  0]LogMeshUtilities: No automatic mesh merging module available
[2016.03.27-00.39.40:968][  0]LogInit: WinSock: version 1.1 (2.2), MaxSocks=32767, MaxUdp=65467
[2016.03.27-00.39.42:456][  0]LogAssetRegistry: FAssetRegistry took 0.0107 seconds to start up
[2016.03.27-00.39.42:515][  0]UdpMessaging: Initializing bridge on interface 0.0.0.0:0 to multicast group 230.0.0.1:6666.
[2016.03.27-00.39.42:913][  0]SourceControl: Info Source control is disabled
[2016.03.27-00.39.45:255][  0]LogLinker:Warning: Asset '../../../Engine/Plugins/Runtime/LeapMotionController/Content/LM_PassthroughMaterial.uasset' has been saved with empty engine version. The asset will be loaded but may be incompatible.
[2016.03.27-00.39.45:404][  0]LogObj: 28528 objects as part of root set at end of initial load.
[2016.03.27-00.39.45:404][  0]LogUObjectAllocator: 6068456 out of 0 bytes used by permanent object pool.
[2016.03.27-00.39.45:476][  0]LogEngine: Initializing Engine...
[2016.03.27-00.39.45:481][  0]LogHMD: Can't find Oculus library dev build: is proper Runtime installed? Version: 0.7.0.0
[2016.03.27-00.39.45:482][  0]LogHMD: SteamVR failed to initialize.  Err: 110
[2016.03.27-00.39.45:652][  0]LogAIModule: Creating AISystem for world NewWorld
[2016.03.27-00.39.45:656][  0]LogInit: XAudio2 using 'Speakers / Headphones (Realtek High Definition Audio)' : 2 channels at 48 kHz using 32 bits per sample (channel mask 0x3)
[2016.03.27-00.39.45:672][  0]LogInit: FAudioDevice initialized.
[2016.03.27-00.39.45:699][  0]LogDerivedDataCache: Saved boot cache 0.03s 41MB C:/Users/User/AppData/Local/UnrealEngine/4.9/DerivedDataCache/Boot.ddc.
[2016.03.27-00.39.45:702][  0]LogInit: Texture streaming: Enabled
[2016.03.27-00.39.45:713][  0]LogAnalytics: Creating configured Analytics provider AnalyticsET
[2016.03.27-00.39.45:713][  0]LogAnalytics: [UEEditor.Rocket.Release] APIServer = http://et2.epicgames.com/ET2/. AppVersion = 4.9.2-2707645+++depot+UE4-Releases+4.9
[2016.03.27-00.39.45:713][  0]LogAnalytics: [UEEditor.Rocket.Release] SetUserId cee753644958793a8762c3bd23da0fbc|3112bf4650fd4fb8a752867fe0f94e33|713492ef-e194-4017-941b-c3bc37bd1a47
[2016.03.27-00.39.45:713][  0]LogAnalytics: [UEEditor.Rocket.Release] AnalyticsET::StartSession
[2016.03.27-00.39.45:834][  0]LogInit: Transaction tracking system initialized
[2016.03.27-00.39.45:919][  0]BlueprintLog: New page: Editor Load
[2016.03.27-00.39.46:165][  0]LocalizationService: Info Localization service is disabled
[2016.03.27-00.39.46:344][  0]LogConsoleResponse:Display: 
[2016.03.27-00.39.46:593][  0]LogCook:Display: Done creating registry. It took  0.00s.
[2016.03.27-00.39.47:322][  0]LogFileCache: Scanning file cache for directory 'C:/Users/User/Documents/Unreal Projects/PlanetNova/Planet_Nova/Content/' took 0.02s
[2016.03.27-00.39.47:323][  0]Cmd: MAP LOAD FILE="../../../../../../Users/User/Documents/Unreal Projects/PlanetNova/Planet_Nova/Content/ThirdPersonBP/Maps/ThirdPersonExampleMap.umap" TEMPLATE=0 SHOWPROGRESS=1 FEATURELEVEL=3
[2016.03.27-00.39.47:324][  0]LightingResults: New page: Lighting Build
[2016.03.27-00.39.47:331][  0]MapCheck: New page: Map Check
[2016.03.27-00.39.47:331][  0]LightingResults: New page: Lighting Build
[2016.03.27-00.39.47:363][  0]LogParticles: Destroying 0 GPU particle simulations for FXSystem 0x0000019A57E11260
[2016.03.27-00.39.47:368][  0]LogLinker:Warning: Asset '../../../../../../Users/User/Documents/Unreal Projects/PlanetNova/Planet_Nova/Content/ThirdPersonBP/Blueprints/ThirdPersonCharacter.uasset' has been saved with empty engine version. The asset will be loaded but may be incompatible.
[2016.03.27-00.39.47:373][  0]LogLinker:Warning: Asset '../../../../../../Users/User/Documents/Unreal Projects/PlanetNova/Planet_Nova/Content/Mannequin/Animations/ThirdPerson_AnimBP.uasset' has been saved with empty engine version. The asset will be loaded but may be incompatible.
[2016.03.27-00.39.47:376][  0]LogLinker:Warning: Asset '../../../../../../Users/User/Documents/Unreal Projects/PlanetNova/Planet_Nova/Content/Mannequin/Animations/ThirdPerson_Jump.uasset' has been saved with empty engine version. The asset will be loaded but may be incompatible.
[2016.03.27-00.39.47:379][  0]LogLinker:Warning: Asset '../../../../../../Users/User/Documents/Unreal Projects/PlanetNova/Planet_Nova/Content/Mannequin/Animations/ThirdPersonJump_Loop.uasset' has been saved with empty engine version. The asset will be loaded but may be incompatible.
[2016.03.27-00.39.47:381][  0]LogLinker:Warning: Asset '../../../../../../Users/User/Documents/Unreal Projects/PlanetNova/Planet_Nova/Content/Mannequin/Animations/ThirdPersonJump_Start.uasset' has been saved with empty engine version. The asset will be loaded but may be incompatible.
[2016.03.27-00.39.47:384][  0]LogLinker:Warning: Asset '../../../../../../Users/User/Documents/Unreal Projects/PlanetNova/Planet_Nova/Content/Mannequin/Animations/ThirdPerson_IdleRun_2D.uasset' has been saved with empty engine version. The asset will be loaded but may be incompatible.
[2016.03.27-00.39.47:385][  0]LogLinker:Warning: Asset '../../../../../../Users/User/Documents/Unreal Projects/PlanetNova/Planet_Nova/Content/Mannequin/Animations/ThirdPersonIdle.uasset' has been saved with empty engine version. The asset will be loaded but may be incompatible.
[2016.03.27-00.39.47:387][  0]LogLinker:Warning: Asset '../../../../../../Users/User/Documents/Unreal Projects/PlanetNova/Planet_Nova/Content/Mannequin/Animations/ThirdPersonRun.uasset' has been saved with empty engine version. The asset will be loaded but may be incompatible.
[2016.03.27-00.39.47:389][  0]LogLinker:Warning: Asset '../../../../../../Users/User/Documents/Unreal Projects/PlanetNova/Planet_Nova/Content/Mannequin/Animations/ThirdPersonWalk.uasset' has been saved with empty engine version. The asset will be loaded but may be incompatible.
[2016.03.27-00.39.48:648][  0]LogAIModule: Creating AISystem for world ThirdPersonExampleMap
[2016.03.27-00.39.48:660][  0]LogEditorServer: Finished looking for orphan Actors (0.000 secs)
[2016.03.27-00.39.48:661][  0]Cmd: MAP CHECKDEP NOCLEARLOG
[2016.03.27-00.39.48:840][  0]MapCheck: Info Map check complete: 0 Error(s), 0 Warning(s), took 179.28ms to complete.
[2016.03.27-00.39.48:840][  0]LogFileHelpers: Loading map 'ThirdPersonExampleMap' took 1.517
[2016.03.27-00.39.49:018][  0]LogCollectionManager: Loaded 0 collections in 0.006189 seconds
[2016.03.27-00.39.49:070][  0]LogFileCache: Scanning file cache for directory 'C:/Users/User/Documents/Unreal Projects/PlanetNova/Planet_Nova/Saved/Collections/' took 0.01s
[2016.03.27-00.39.49:070][  0]LogFileCache: Scanning file cache for directory 'C:/Users/User/Documents/Unreal Projects/PlanetNova/Planet_Nova/Content/Developers/User/Collections/' took 0.01s
[2016.03.27-00.39.49:070][  0]LogFileCache: Scanning file cache for directory 'C:/Users/User/Documents/Unreal Projects/PlanetNova/Planet_Nova/Content/Collections/' took 0.01s
[2016.03.27-00.39.49:070][  0]LogContentBrowser: Native class hierarchy populated in 0.0155 seconds. Added 1882 classes and 339 folders.
[2016.03.27-00.39.49:081][  0]LogCollectionManager: Rebuilt the GUID cache for 0 collections in 0.000004 seconds
[2016.03.27-00.39.49:098][  0]LogContentBrowser: Native class hierarchy updated for 'WidgetCarousel' in 0.0008 seconds. Added 0 classes and 0 folders.
[2016.03.27-00.39.49:333][  0]LogContentBrowser: Native class hierarchy updated for 'AddContentDialog' in 0.0009 seconds. Added 0 classes and 0 folders.
[2016.03.27-00.39.49:371][  0]LogContentBrowser: Native class hierarchy updated for 'SceneOutliner' in 0.0005 seconds. Added 1 classes and 2 folders.
[2016.03.27-00.39.49:415][  0]LogCrashTracker: Crashtracker disabled due to settings.
[2016.03.27-00.39.49:421][  0]LogUObjectGlobals:Warning: Failed to find object 'Class None.'
[2016.03.27-00.39.49:443][  0]LogLoad: Full Startup: 14.03 seconds (BP compile: 0.20 seconds)
[2016.03.27-00.39.49:528][  0]SourceControl: Info On branch DEV
[2016.03.27-00.39.49:528][  0]SourceControl: Info Your branch is up-to-date with 'origin/DEV'.
[2016.03.27-00.39.49:528][  0]SourceControl: Info Changes not staged for commit:
[2016.03.27-00.39.49:528][  0]SourceControl: Info   (use "git add <file>..." to update what will be committed)
[2016.03.27-00.39.49:528][  0]SourceControl: Info   (use "git checkout -- <file>..." to discard changes in working directory)
[2016.03.27-00.39.49:528][  0]SourceControl: Info 	modified:   Saved/Config/Windows/EditorPerProjectUserSettings.ini
[2016.03.27-00.39.49:528][  0]SourceControl: Info 	modified:   Saved/Config/Windows/Engine.ini
[2016.03.27-00.39.49:528][  0]SourceControl: Info 	modified:   Saved/Logs/Planet_Nova.log
[2016.03.27-00.39.49:528][  0]SourceControl: Info Untracked files:
[2016.03.27-00.39.49:528][  0]SourceControl: Info   (use "git add <file>..." to include in what will be committed)
[2016.03.27-00.39.49:528][  0]SourceControl: Info 	Saved/Logs/Planet_Nova-backup-2016.03.27-00.39.36.log
[2016.03.27-00.39.49:528][  0]SourceControl: Info no changes added to commit (use "git add" and/or "git commit -a")
[2016.03.27-00.39.49:528][  0]LogContentStreaming: Texture pool size now 1000 MB
[2016.03.27-00.39.49:712][  0]LogRenderer: Reallocating scene render targets to support 848x436 (Frame:2).
[2016.03.27-00.39.50:229][  6]LogAssetRegistry: Asset discovery search completed in 7.7841 seconds
[2016.03.27-00.39.50:229][  6]LogCollectionManager: Rebuilt the object cache for 0 collections in 0.000001 seconds (found 0 objects)
[2016.03.27-00.39.50:229][  6]LogCollectionManager: Fixed up redirectors for 0 collections in 0.000040 seconds (updated 0 objects)
[2016.03.27-00.40.00:687][627]LogEditorViewport: Clicking on Actor (LMB): StaticMeshActor (Linear_Stair_StaticMesh)
[2016.03.27-00.40.01:111][645]LogEditorViewport: Clicking on Actor (LMB): StaticMeshActor (Linear_Stair_StaticMesh)
[2016.03.27-00.40.01:830][687]LogEditorViewport: Clicking on Actor (LMB): StaticMeshActor (RightArm_StaticMesh)
[2016.03.27-00.40.06:922][911]LogSavePackage: Save=821.112793ms
[2016.03.27-00.40.06:922][911]LogSavePackage: Moving '../../../../../../Users/User/Documents/Unreal Projects/PlanetNova/Planet_Nova/Saved/ThirdPersonExampleMap37833AAD456B878AA91C3A9536ED01F6.tmp' to '../../../../../../Users/User/Documents/Unreal Projects/PlanetNova/Planet_Nova/Content/ThirdPersonBP/Maps/ThirdPersonExampleMap.umap'
[2016.03.27-00.40.06:928][911]LogSavePackage: Total save time: 840.680506ms
[2016.03.27-00.40.06:928][911]LogSavePackage:Warning: Finished SavePackage ../../../../../../Users/User/Documents/Unreal Projects/PlanetNova/Planet_Nova/Content/ThirdPersonBP/Maps/ThirdPersonExampleMap.umap
[2016.03.27-00.40.06:967][911]LogFileHelpers: Saving map 'ThirdPersonExampleMap' took 1.023
[2016.03.27-00.41.02:156][248]LogWindowsTextInputMethodSystem:Display: IME system now deactivated.
[2016.03.27-00.41.02:571][249]Cmd: QUIT_EDITOR
[2016.03.27-00.41.02:910][249]LogExit: Preparing to exit.
[2016.03.27-00.41.03:612][249]LogExit: Editor shut down
[2016.03.27-00.41.03:613][249]LogExit: Transaction tracking system shut down
[2016.03.27-00.41.03:615][249]LogParticles: Destroying 0 GPU particle simulations for FXSystem 0x0000019A4B3A3060
[2016.03.27-00.41.03:616][249]LogParticles: Destroying 0 GPU particle simulations for FXSystem 0x0000019A6260B740
[2016.03.27-00.41.03:616][249]LogParticles: Destroying 0 GPU particle simulations for FXSystem 0x0000019A66D1F6A0
[2016.03.27-00.41.03:616][249]LogParticles: Destroying 0 GPU particle simulations for FXSystem 0x0000019A66D1F4C0
[2016.03.27-00.41.03:773][249]LogExit: Object subsystem successfully closed.
[2016.03.27-00.41.03:789][249]LogD3D11RHI: Shutdown
[2016.03.27-00.41.03:789][249]LogD3D11RHI: CleanupD3DDevice
[2016.03.27-00.41.03:862][249]LogD3D11RHI: ~FD3D11DynamicRHI
[2016.03.27-00.41.03:894][249]LogModuleManager: Shutting down and abandoning module CrashTracker (199)
[2016.03.27-00.41.03:894][249]LogModuleManager: Shutting down and abandoning module SceneOutliner (198)
[2016.03.27-00.41.03:894][249]LogModuleManager: Shutting down and abandoning module SuperSearch (197)
[2016.03.27-00.41.03:894][249]LogModuleManager: Shutting down and abandoning module WidgetCarousel (196)
[2016.03.27-00.41.03:894][249]LogModuleManager: Shutting down and abandoning module AddContentDialog (195)
[2016.03.27-00.41.03:895][249]LogModuleManager: Shutting down and abandoning module EditorWidgets (194)
[2016.03.27-00.41.03:895][249]LogModuleManager: Shutting down and abandoning module CollectionManager (193)
[2016.03.27-00.41.03:895][249]LogModuleManager: Shutting down and abandoning module StatsViewer (192)
[2016.03.27-00.41.03:895][249]LogModuleManager: Shutting down and abandoning module FoliageEdit (191)
[2016.03.27-00.41.03:895][249]LogModuleManager: Shutting down and abandoning module LandscapeEditor (190)
[2016.03.27-00.41.03:895][249]LogModuleManager: Shutting down and abandoning module ActorPickerMode (189)
[2016.03.27-00.41.03:895][249]LogModuleManager: Shutting down and abandoning module GeometryMode (188)
[2016.03.27-00.41.03:896][249]LogModuleManager: Shutting down and abandoning module TextureAlignMode (187)
[2016.03.27-00.41.03:896][249]LogModuleManager: Shutting down and abandoning module BspMode (186)
[2016.03.27-00.41.03:896][249]LogModuleManager: Shutting down and abandoning module PlacementMode (185)
[2016.03.27-00.41.03:896][249]LogModuleManager: Shutting down and abandoning module AutomationWorker (184)
[2016.03.27-00.41.03:896][249]LogModuleManager: Shutting down and abandoning module CharacterAI (183)
[2016.03.27-00.41.03:896][249]LogModuleManager: Shutting down and abandoning module SmartSnapping (182)
[2016.03.27-00.41.03:896][249]LogModuleManager: Shutting down and abandoning module ViewportSnapping (181)
[2016.03.27-00.41.03:896][249]LogModuleManager: Shutting down and abandoning module LogVisualizer (180)
[2016.03.27-00.41.03:896][249]LogModuleManager: Shutting down and abandoning module GameProjectGeneration (179)
[2016.03.27-00.41.03:896][249]LogModuleManager: Shutting down and abandoning module IntroTutorials (178)
[2016.03.27-00.41.03:896][249]LogModuleManager: Shutting down and abandoning module EditorLiveStreaming (177)
[2016.03.27-00.41.03:896][249]LogModuleManager: Shutting down and abandoning module IOSPlatformEditor (176)
[2016.03.27-00.41.03:896][249]LogModuleManager: Shutting down and abandoning module HTML5PlatformEditor (175)
[2016.03.27-00.41.03:896][249]LogModuleManager: Shutting down and abandoning module AndroidDeviceDetection (174)
[2016.03.27-00.41.04:304][249]LogModuleManager: Shutting down and abandoning module AndroidPlatformEditor (173)
[2016.03.27-00.41.04:304][249]LogModuleManager: Shutting down and abandoning module IOSRuntimeSettings (172)
[2016.03.27-00.41.04:304][249]LogModuleManager: Shutting down and abandoning module AndroidRuntimeSettings (171)
[2016.03.27-00.41.04:304][249]LogModuleManager: Shutting down and abandoning module MergeActors (170)
[2016.03.27-00.41.04:304][249]LogModuleManager: Shutting down and abandoning module SizeMap (169)
[2016.03.27-00.41.04:304][249]LogModuleManager: Shutting down and abandoning module TreeMap (168)
[2016.03.27-00.41.04:304][249]LogModuleManager: Shutting down and abandoning module ReferenceViewer (167)
[2016.03.27-00.41.04:304][249]LogModuleManager: Shutting down and abandoning module LocalizationService (166)
[2016.03.27-00.41.04:304][249]LogModuleManager: Shutting down and abandoning module LocalizationDashboard (165)
[2016.03.27-00.41.04:304][249]LogModuleManager: Shutting down and abandoning module HardwareTargeting (164)
[2016.03.27-00.41.04:304][249]LogModuleManager: Shutting down and abandoning module DeviceProfileEditor (163)
[2016.03.27-00.41.04:304][249]LogModuleManager: Shutting down and abandoning module UndoHistory (162)
[2016.03.27-00.41.04:304][249]LogModuleManager: Shutting down and abandoning module GameplayTagsEditor (161)
[2016.03.27-00.41.04:304][249]LogModuleManager: Shutting down and abandoning module UserFeedback (160)
[2016.03.27-00.41.04:304][249]LogModuleManager: Shutting down and abandoning module XmlParser (159)
[2016.03.27-00.41.04:304][249]LogModuleManager: Shutting down and abandoning module Blutility (158)
[2016.03.27-00.41.04:304][249]LogModuleManager: Shutting down and abandoning module ProjectTargetPlatformEditor (157)
[2016.03.27-00.41.04:305][249]LogModuleManager: Shutting down and abandoning module ProjectSettingsViewer (156)
[2016.03.27-00.41.04:305][249]LogModuleManager: Shutting down and abandoning module InputBindingEditor (155)
[2016.03.27-00.41.04:305][249]LogModuleManager: Shutting down and abandoning module EditorSettingsViewer (154)
[2016.03.27-00.41.04:305][249]LogModuleManager: Shutting down and abandoning module SettingsEditor (153)
[2016.03.27-00.41.04:305][249]LogModuleManager: Shutting down and abandoning module ProjectLauncher (152)
[2016.03.27-00.41.04:305][249]LogModuleManager: Shutting down and abandoning module SessionFrontend (151)
[2016.03.27-00.41.04:305][249]LogModuleManager: Shutting down and abandoning module ProfilerClient (150)
[2016.03.27-00.41.04:305][249]LogModuleManager: Shutting down and abandoning module TargetDeviceServices (149)
[2016.03.27-00.41.04:305][249]LogModuleManager: Shutting down and abandoning module DeviceManager (148)
[2016.03.27-00.41.04:305][249]LogModuleManager: Shutting down and abandoning module AutomationController (147)
[2016.03.27-00.41.04:305][249]LogModuleManager: Shutting down and abandoning module AutomationWindow (146)
[2016.03.27-00.41.04:305][249]LogModuleManager: Shutting down and abandoning module Layers (145)
[2016.03.27-00.41.04:305][249]LogModuleManager: Shutting down and abandoning module ComponentVisualizers (144)
[2016.03.27-00.41.04:305][249]LogModuleManager: Shutting down and abandoning module DetailCustomizations (143)
[2016.03.27-00.41.04:305][249]LogModuleManager: Shutting down and abandoning module PackagesDialog (142)
[2016.03.27-00.41.04:306][249]LogModuleManager: Shutting down and abandoning module Persona (141)
[2016.03.27-00.41.04:306][249]LogModuleManager: Shutting down and abandoning module Kismet (140)
[2016.03.27-00.41.04:306][249]LogModuleManager: Shutting down and abandoning module GraphEditor (139)
[2016.03.27-00.41.04:306][249]LogModuleManager: Shutting down and abandoning module ClassViewer (138)
[2016.03.27-00.41.04:306][249]LogModuleManager: Shutting down and abandoning module Toolbox (137)
[2016.03.27-00.41.04:306][249]LogModuleManager: Shutting down and abandoning module ModuleUI (136)
[2016.03.27-00.41.04:306][249]LogModuleManager: Shutting down and abandoning module MovieSceneTools (135)
[2016.03.27-00.41.04:306][249]LogModuleManager: Shutting down and abandoning module OutputLog (134)
[2016.03.27-00.41.04:306][249]LogModuleManager: Shutting down and abandoning module GammaUI (133)
[2016.03.27-00.41.04:306][249]LogModuleManager: Shutting down and abandoning module Documentation (132)
[2016.03.27-00.41.04:306][249]LogModuleManager: Shutting down and abandoning module GameLiveStreaming (131)
[2016.03.27-00.41.04:306][249]LogModuleManager: Shutting down and abandoning module StreamingPauseRendering (130)
[2016.03.27-00.41.04:306][249]LogModuleManager: Shutting down and abandoning module AnalyticsET (129)
[2016.03.27-00.41.04:306][249]LogModuleManager: Shutting down and abandoning module Analytics (128)
[2016.03.27-00.41.04:306][249]LogModuleManager: Shutting down and abandoning module AITestSuite (127)
[2016.03.27-00.41.04:306][249]LogModuleManager: Shutting down and abandoning module GameplayDebugger (126)
[2016.03.27-00.41.04:306][249]LogModuleManager: Shutting down and abandoning module AIModule (125)
[2016.03.27-00.41.04:306][249]LogModuleManager: Shutting down and abandoning module ProfilerService (124)
[2016.03.27-00.41.04:342][249]LogModuleManager: Shutting down and abandoning module TaskGraph (123)
[2016.03.27-00.41.04:342][249]LogModuleManager: Shutting down and abandoning module SubstanceEditor (122)
[2016.03.27-00.41.04:342][249]LogModuleManager: Shutting down and abandoning module SlateRemote (121)
[2016.03.27-00.41.04:342][249]LogModuleManager: Shutting down and abandoning module SteamVRController (120)
[2016.03.27-00.41.04:342][249]LogModuleManager: Shutting down and abandoning module SteamVR (119)
[2016.03.27-00.41.04:342][249]LogModuleManager: Shutting down and abandoning module ProceduralMeshComponent (118)
[2016.03.27-00.41.04:342][249]LogModuleManager: Shutting down and abandoning module OculusRift (117)
[2016.03.27-00.41.04:342][249]LogModuleManager: Shutting down and abandoning module OculusLibrary (116)
[2016.03.27-00.41.04:342][249]LogModuleManager: Shutting down and abandoning module LeapMotionController (115)
[2016.03.27-00.41.04:370][249]LogModuleManager: Shutting down and abandoning module CustomMeshComponent (114)
[2016.03.27-00.41.04:370][249]LogModuleManager: Shutting down and abandoning module CableComponent (113)
[2016.03.27-00.41.04:370][249]LogModuleManager: Shutting down and abandoning module ArchVisCharacter (112)
[2016.03.27-00.41.04:370][249]LogModuleManager: Shutting down and abandoning module MessagingDebugger (111)
[2016.03.27-00.41.04:371][249]LogModuleManager: Shutting down and abandoning module MediaPlayerEditor (110)
[2016.03.27-00.41.04:371][249]LogModuleManager: Shutting down and abandoning module HTML5Networking (109)
[2016.03.27-00.41.04:371][249]LogModuleManager: Shutting down and abandoning module SpeedTreeImporter (108)
[2016.03.27-00.41.04:371][249]LogModuleManager: Shutting down and abandoning module PluginBrowser (107)
[2016.03.27-00.41.04:371][249]LogModuleManager: Shutting down and abandoning module EpicSurvey (106)
[2016.03.27-00.41.04:371][249]LogModuleManager: Shutting down and abandoning module DesktopPlatform (105)
[2016.03.27-00.41.04:371][249]LogModuleManager: Shutting down and abandoning module VisualStudioSourceCodeAccess (104)
[2016.03.27-00.41.04:371][249]LogModuleManager: Shutting down and abandoning module UObjectPlugin (103)
[2016.03.27-00.41.04:371][249]LogModuleManager: Shutting down and abandoning module SubversionSourceControl (102)
[2016.03.27-00.41.04:371][249]LogModuleManager: Shutting down and abandoning module PerforceSourceControl (101)
[2016.03.27-00.41.04:371][249]LogModuleManager: Shutting down and abandoning module SourceControl (100)
[2016.03.27-00.41.04:371][249]LogModuleManager: Shutting down and abandoning module GitSourceControl (99)
[2016.03.27-00.41.04:371][249]LogModuleManager: Shutting down and abandoning module LightPropagationVolumeEditor (98)
[2016.03.27-00.41.04:371][249]LogModuleManager: Shutting down and abandoning module PaperTiledImporter (97)
[2016.03.27-00.41.04:371][249]LogModuleManager: Shutting down and abandoning module PaperSpriteSheetImporter (96)
[2016.03.27-00.41.04:371][249]LogModuleManager: Shutting down and abandoning module MeshPaint (95)
[2016.03.27-00.41.04:371][249]LogModuleManager: Shutting down and abandoning module SlateReflector (94)
[2016.03.27-00.41.04:371][249]LogModuleManager: Shutting down and abandoning module HotReload (93)
[2016.03.27-00.41.04:371][249]LogModuleManager: Shutting down and abandoning module MainFrame (92)
[2016.03.27-00.41.04:371][249]LogModuleManager: Shutting down and abandoning module LevelEditor (91)
[2016.03.27-00.41.04:372][249]LogModuleManager: Shutting down and abandoning module ContentBrowser (90)
[2016.03.27-00.41.04:373][249]LogModuleManager: Shutting down and abandoning module Paper2DEditor (89)
[2016.03.27-00.41.04:373][249]LogModuleManager: Shutting down and abandoning module UdpMessaging (88)
[2016.03.27-00.41.04:473][249]LogModuleManager: Shutting down and abandoning module DirectoryWatcher (87)
[2016.03.27-00.41.04:474][249]LogModuleManager: Shutting down and abandoning module AssetRegistry (86)
[2016.03.27-00.41.04:591][249]LogModuleManager: Shutting down and abandoning module SubstanceCore (85)
[2016.03.27-00.41.04:591][249]LogModuleManager: Shutting down and abandoning module LightPropagationVolumeRuntime (84)
[2016.03.27-00.41.04:591][249]LogModuleManager: Shutting down and abandoning module Paper2D (83)
[2016.03.27-00.41.04:591][249]LogModuleManager: Shutting down and abandoning module WindowsMoviePlayer (82)
[2016.03.27-00.41.04:594][249]LogModuleManager: Shutting down and abandoning module Media (81)
[2016.03.27-00.41.04:594][249]LogModuleManager: Shutting down and abandoning module WmfMedia (80)
[2016.03.27-00.41.04:594][249]LogModuleManager: Shutting down and abandoning module OnlineBlueprintSupport (79)
[2016.03.27-00.41.04:595][249]LogModuleManager: Shutting down and abandoning module GameplayTasksEditor (78)
[2016.03.27-00.41.04:595][249]LogModuleManager: Shutting down and abandoning module PropertyEditor (77)
[2016.03.27-00.41.04:595][249]LogModuleManager: Shutting down and abandoning module BehaviorTreeEditor (76)
[2016.03.27-00.41.04:595][249]LogModuleManager: Shutting down and abandoning module FunctionalTesting (75)
[2016.03.27-00.41.04:595][249]LogModuleManager: Shutting down and abandoning module CollisionAnalyzer (74)
[2016.03.27-00.41.04:595][249]LogModuleManager: Shutting down and abandoning module WorkspaceMenuStructure (73)
[2016.03.27-00.41.04:595][249]LogModuleManager: Shutting down and abandoning module MessageLog (72)
[2016.03.27-00.41.04:595][249]LogModuleManager: Shutting down and abandoning module Sequencer (71)
[2016.03.27-00.41.04:595][249]LogModuleManager: Shutting down and abandoning module AssetTools (70)
[2016.03.27-00.41.04:595][249]LogModuleManager: Shutting down and abandoning module UMGEditor (69)
[2016.03.27-00.41.04:595][249]LogModuleManager: Shutting down and abandoning module UMG (68)
[2016.03.27-00.41.04:595][249]LogModuleManager: Shutting down and abandoning module Slate (67)
[2016.03.27-00.41.04:595][249]LogModuleManager: Shutting down and abandoning module EditorStyle (66)
[2016.03.27-00.41.04:598][249]LogModuleManager: Shutting down and abandoning module SessionServices (65)
[2016.03.27-00.41.04:598][249]LogModuleManager: Shutting down and abandoning module SourceCodeAccess (64)
[2016.03.27-00.41.04:598][249]LogModuleManager: Shutting down and abandoning module HeadMountedDisplay (63)
[2016.03.27-00.41.04:598][249]LogModuleManager: Shutting down and abandoning module XAudio2 (62)
[2016.03.27-00.41.04:598][249]LogModuleManager: Shutting down and abandoning module Networking (60)
[2016.03.27-00.41.04:598][249]LogModuleManager: Shutting down and abandoning module Core (59)
[2016.03.27-00.41.04:598][249]LogModuleManager: Shutting down and abandoning module KismetCompiler (58)
[2016.03.27-00.41.04:598][249]LogModuleManager: Shutting down and abandoning module PhysXFormats (57)
[2016.03.27-00.41.04:598][249]LogModuleManager: Shutting down and abandoning module MeshUtilities (56)
[2016.03.27-00.41.04:598][249]LogModuleManager: Shutting down and abandoning module CookingStats (55)
[2016.03.27-00.41.04:599][249]LogModuleManager: Shutting down and abandoning module DerivedDataCache (54)
[2016.03.27-00.41.04:848][249]LogDerivedDataCache: Shutdown
[2016.03.27-00.41.04:848][249]LogModuleManager: Shutting down and abandoning module ShaderFormatOpenGL (53)
[2016.03.27-00.41.04:848][249]LogModuleManager: Shutting down and abandoning module ShaderFormatD3D (52)
[2016.03.27-00.41.04:848][249]LogModuleManager: Shutting down and abandoning module MetalShaderFormat (51)
[2016.03.27-00.41.04:848][249]LogModuleManager: Shutting down and abandoning module TextureFormatUncompressed (50)
[2016.03.27-00.41.04:848][249]LogModuleManager: Shutting down and abandoning module TextureFormatPVR (49)
[2016.03.27-00.41.04:848][249]LogModuleManager: Shutting down and abandoning module TextureFormatIntelISPCTexComp (48)
[2016.03.27-00.41.04:848][249]LogModuleManager: Shutting down and abandoning module TextureFormatDXT (47)
[2016.03.27-00.41.04:848][249]LogModuleManager: Shutting down and abandoning module ImageWrapper (46)
[2016.03.27-00.41.04:848][249]LogModuleManager: Shutting down and abandoning module TextureFormatASTC (45)
[2016.03.27-00.41.04:848][249]LogModuleManager: Shutting down and abandoning module TextureFormatAndroid (44)
[2016.03.27-00.41.04:848][249]LogModuleManager: Shutting down and abandoning module AudioFormatOpus (43)
[2016.03.27-00.41.04:848][249]LogModuleManager: Shutting down and abandoning module AudioFormatOgg (42)
[2016.03.27-00.41.04:848][249]LogModuleManager: Shutting down and abandoning module AudioFormatADPCM (41)
[2016.03.27-00.41.04:848][249]LogModuleManager: Shutting down and abandoning module LinuxTargetPlatform (40)
[2016.03.27-00.41.04:848][249]LogModuleManager: Shutting down and abandoning module LinuxServerTargetPlatform (39)
[2016.03.27-00.41.04:848][249]LogModuleManager: Shutting down and abandoning module LinuxNoEditorTargetPlatform (38)
[2016.03.27-00.41.04:848][249]LogModuleManager: Shutting down and abandoning module Messaging (37)
[2016.03.27-00.41.04:848][249]LogModuleManager: Shutting down and abandoning module IOSTargetPlatform (36)
[2016.03.27-00.41.04:848][249]LogModuleManager: Shutting down and abandoning module HTML5TargetPlatform (35)
[2016.03.27-00.41.04:848][249]LogModuleManager: Shutting down and abandoning module Android_PVRTCTargetPlatform (34)
[2016.03.27-00.41.04:849][249]LogModuleManager: Shutting down and abandoning module Android_ETC2TargetPlatform (33)
[2016.03.27-00.41.04:849][249]LogModuleManager: Shutting down and abandoning module Android_ETC1TargetPlatform (32)
[2016.03.27-00.41.04:849][249]LogModuleManager: Shutting down and abandoning module Android_DXTTargetPlatform (31)
[2016.03.27-00.41.04:849][249]LogModuleManager: Shutting down and abandoning module Android_ATCTargetPlatform (30)
[2016.03.27-00.41.04:849][249]LogModuleManager: Shutting down and abandoning module Android_ASTCTargetPlatform (29)
[2016.03.27-00.41.04:849][249]LogModuleManager: Shutting down and abandoning module AndroidTargetPlatform (28)
[2016.03.27-00.41.04:849][249]LogModuleManager: Shutting down and abandoning module WindowsTargetPlatform (27)
[2016.03.27-00.41.04:849][249]LogModuleManager: Shutting down and abandoning module WindowsServerTargetPlatform (26)
[2016.03.27-00.41.04:849][249]LogModuleManager: Shutting down and abandoning module WindowsNoEditorTargetPlatform (25)
[2016.03.27-00.41.04:849][249]LogModuleManager: Shutting down and abandoning module WindowsClientTargetPlatform (24)
[2016.03.27-00.41.04:849][249]LogModuleManager: Shutting down and abandoning module AllDesktopTargetPlatform (23)
[2016.03.27-00.41.04:849][249]LogModuleManager: Shutting down and abandoning module TargetPlatform (22)
[2016.03.27-00.41.04:849][249]LogModuleManager: Shutting down and abandoning module InputCore (21)
[2016.03.27-00.41.04:849][249]LogModuleManager: Shutting down and abandoning module Settings (20)
[2016.03.27-00.41.04:849][249]LogModuleManager: Shutting down and abandoning module OnlineSubsystem (18)
[2016.03.27-00.41.04:849][249]LogModuleManager: Shutting down and abandoning module HTTP (17)
[2016.03.27-00.41.07:354][249]LogModuleManager: Shutting down and abandoning module XMPP (16)
[2016.03.27-00.41.07:354][249]LogModuleManager: Shutting down and abandoning module ExampleDeviceProfileSelector (15)
[2016.03.27-00.41.07:354][249]LogModuleManager: Shutting down and abandoning module TextureCompressor (14)
[2016.03.27-00.41.07:354][249]LogModuleManager: Shutting down and abandoning module ShaderCore (13)
[2016.03.27-00.41.07:354][249]LogModuleManager: Shutting down and abandoning module Landscape (12)
[2016.03.27-00.41.07:354][249]LogModuleManager: Shutting down and abandoning module SlateRHIRenderer (11)
[2016.03.27-00.41.07:355][249]LogModuleManager: Shutting down and abandoning module OpenGLDrv (10)
[2016.03.27-00.41.07:355][249]LogModuleManager: Shutting down and abandoning module D3D11RHI (9)
[2016.03.27-00.41.07:355][249]LogModuleManager: Shutting down and abandoning module AnimGraphRuntime (8)
[2016.03.27-00.41.07:355][249]LogModuleManager: Shutting down and abandoning module Renderer (7)
[2016.03.27-00.41.07:355][249]LogModuleManager: Shutting down and abandoning module Engine (6)
[2016.03.27-00.41.07:355][249]LogModuleManager: Shutting down and abandoning module CoreUObject (5)
[2016.03.27-00.41.07:355][249]LogModuleManager: Shutting down and abandoning module NetworkFile (4)
[2016.03.27-00.41.07:355][249]LogModuleManager: Shutting down and abandoning module StreamingFile (3)
[2016.03.27-00.41.07:355][249]LogModuleManager: Shutting down and abandoning module SandboxFile (2)
[2016.03.27-00.41.07:355][249]LogModuleManager: Shutting down and abandoning module PakFile (1)
[2016.03.27-00.41.07:355][249]LogExit: Exiting.
[2016.03.27-00.41.07:374][249]Log file closed, 03/27/16 00:41:07
